#
# There is insufficient memory for the Java Runtime Environment to continue.
# Native memory allocation (malloc) failed to allocate 1277216 bytes for Chunk::new
# Possible reasons:
#   The system is out of physical RAM or swap space
#   The process is running with CompressedOops enabled, and the Java Heap may be blocking the growth of the native heap
# Possible solutions:
#   Reduce memory load on the system
#   Increase physical memory or swap space
#   Check if swap backing store is full
#   Decrease Java heap size (-Xmx/-Xms)
#   Decrease number of Java threads
#   Decrease Java thread stack sizes (-Xss)
#   Set larger code cache with -XX:ReservedCodeCacheSize=
#   JVM is running with Unscaled Compressed Oops mode in which the Java heap is
#     placed in the first 4GB address space. The Java Heap base address is the
#     maximum limit for the native heap growth. Please use -XX:HeapBaseMinAddress
#     to set the Java Heap base and to place the Java Heap above 4GB virtual address.
# This output file may be truncated or incomplete.
#
#  Out of Memory Error (arena.cpp:189), pid=22876, tid=24452
#
# JRE version: OpenJDK Runtime Environment (17.0.6) (build 17.0.6+0-b2043.56-10027231)
# Java VM: OpenJDK 64-Bit Server VM (17.0.6+0-b2043.56-10027231, mixed mode, tiered, compressed oops, compressed class ptrs, g1 gc, windows-amd64)
# No core dump will be written. Minidumps are not enabled by default on client versions of Windows
#

---------------  S U M M A R Y ------------

Command Line: --add-opens=java.base/java.util=ALL-UNNAMED --add-opens=java.base/java.lang=ALL-UNNAMED --add-opens=java.base/java.lang.invoke=ALL-UNNAMED --add-opens=java.prefs/java.util.prefs=ALL-UNNAMED --add-opens=java.base/java.nio.charset=ALL-UNNAMED --add-opens=java.base/java.net=ALL-UNNAMED --add-opens=java.base/java.util.concurrent.atomic=ALL-UNNAMED -Xmx2048m -Dfile.encoding=UTF-8 -Duser.country=US -Duser.language=en -Duser.variant org.gradle.launcher.daemon.bootstrap.GradleDaemon 8.0

Host: Intel(R) Core(TM) i7-4600U CPU @ 2.10GHz, 4 cores, 3G,  Windows 10 , 64 bit Build 19041 (10.0.19041.3636)
Time: Mon Mar 18 03:15:19 2024 Pacific Daylight Time elapsed time: 51.363960 seconds (0d 0h 0m 51s)

---------------  T H R E A D  ---------------

Current thread (0x000002587f80a200):  JavaThread "C2 CompilerThread0" daemon [_thread_in_native, id=24452, stack(0x000000ad25900000,0x000000ad25a00000)]


Current CompileTask:
C2:  51364 9199       4       java.beans.Introspector::addMethod (196 bytes)

Stack: [0x000000ad25900000,0x000000ad25a00000]
Native frames: (J=compiled Java code, j=interpreted, Vv=VM code, C=native code)
V  [jvm.dll+0x683c9a]
V  [jvm.dll+0x8427a4]
V  [jvm.dll+0x843f9e]
V  [jvm.dll+0x844603]
V  [jvm.dll+0x249b75]
V  [jvm.dll+0xabcac]
V  [jvm.dll+0xac27c]
V  [jvm.dll+0x2b0eef]
V  [jvm.dll+0x58a267]
V  [jvm.dll+0x2243b2]
V  [jvm.dll+0x22478f]
V  [jvm.dll+0x21e055]
V  [jvm.dll+0x21b51b]
V  [jvm.dll+0x1a4fdd]
V  [jvm.dll+0x22b098]
V  [jvm.dll+0x229159]
V  [jvm.dll+0x7f81ec]
V  [jvm.dll+0x7f274a]
V  [jvm.dll+0x682ad5]
C  [ucrtbase.dll+0x21bb2]
C  [KERNEL32.DLL+0x17344]
C  [ntdll.dll+0x526b1]


---------------  P R O C E S S  ---------------

Threads class SMR info:
_java_thread_list=0x0000025804f1dbe0, length=87, elements={
0x0000025864f03810, 0x000002587ec81a30, 0x000002587ec82bc0, 0x000002587ec98000,
0x000002587ec9a8d0, 0x000002587f809080, 0x000002587f809940, 0x000002587f80a200,
0x000002587f80ab00, 0x000002587f876b60, 0x000002587f9be820, 0x000002587f9c2d00,
0x0000025800908b00, 0x00000258017824d0, 0x00000258010c8b50, 0x00000258014b7ab0,
0x0000025800e810f0, 0x0000025801726e40, 0x00000258012209c0, 0x0000025800069ad0,
0x000002580006c620, 0x000002580006a940, 0x0000025800069600, 0x0000025800069130,
0x0000025800068c60, 0x0000025800069fa0, 0x000002580006a470, 0x000002580006b2e0,
0x000002580006b7b0, 0x000002580006ae10, 0x000002580006bc80, 0x000002580006c150,
0x0000025802132380, 0x0000025802135870, 0x0000025802137080, 0x00000258021383c0,
0x0000025802137550, 0x0000025802134a00, 0x00000258021331f0, 0x0000025802137ef0,
0x0000025802136bb0, 0x0000025802138890, 0x0000025802132d20, 0x0000025802134ed0,
0x0000025802139230, 0x0000025802135d40, 0x0000025802136210, 0x0000025802138d60,
0x00000258021336c0, 0x0000025802133b90, 0x00000258021366e0, 0x0000025802139700,
0x0000025802444320, 0x000002580243faf0, 0x000002580243e7b0, 0x000002580243d940,
0x000002580243ffc0, 0x0000025802442170, 0x0000025802443e50, 0x00000258024417d0,
0x0000025802440490, 0x000002580243ec80, 0x0000025802440e30, 0x000002580243f620,
0x00000258024434b0, 0x000002580243de10, 0x0000025802441300, 0x0000025802443980,
0x0000025802442fe0, 0x000002580243cad0, 0x0000025802441ca0, 0x000002580243f150,
0x000002580243e2e0, 0x0000025802440960, 0x0000025802442640, 0x0000025802442b10,
0x000002580243cfa0, 0x000002580243d470, 0x00000258001f4000, 0x00000258001f7020,
0x00000258001f61b0, 0x00000258001f7e90, 0x00000258001f6b50, 0x00000258001f49a0,
0x00000258001faeb0, 0x00000258001f5ce0, 0x00000258001f79c0
}

Java Threads: ( => current thread )
  0x0000025864f03810 JavaThread "main" [_thread_blocked, id=23016, stack(0x000000ad24c00000,0x000000ad24d00000)]
  0x000002587ec81a30 JavaThread "Reference Handler" daemon [_thread_blocked, id=19888, stack(0x000000ad25300000,0x000000ad25400000)]
  0x000002587ec82bc0 JavaThread "Finalizer" daemon [_thread_blocked, id=6984, stack(0x000000ad25400000,0x000000ad25500000)]
  0x000002587ec98000 JavaThread "Signal Dispatcher" daemon [_thread_blocked, id=24884, stack(0x000000ad25500000,0x000000ad25600000)]
  0x000002587ec9a8d0 JavaThread "Attach Listener" daemon [_thread_blocked, id=17240, stack(0x000000ad25600000,0x000000ad25700000)]
  0x000002587f809080 JavaThread "Service Thread" daemon [_thread_blocked, id=8112, stack(0x000000ad25700000,0x000000ad25800000)]
  0x000002587f809940 JavaThread "Monitor Deflation Thread" daemon [_thread_blocked, id=27264, stack(0x000000ad25800000,0x000000ad25900000)]
=>0x000002587f80a200 JavaThread "C2 CompilerThread0" daemon [_thread_in_native, id=24452, stack(0x000000ad25900000,0x000000ad25a00000)]
  0x000002587f80ab00 JavaThread "C1 CompilerThread0" daemon [_thread_blocked, id=26860, stack(0x000000ad25a00000,0x000000ad25b00000)]
  0x000002587f876b60 JavaThread "Sweeper thread" daemon [_thread_blocked, id=25148, stack(0x000000ad25b00000,0x000000ad25c00000)]
  0x000002587f9be820 JavaThread "Common-Cleaner" daemon [_thread_blocked, id=17724, stack(0x000000ad25c00000,0x000000ad25d00000)]
  0x000002587f9c2d00 JavaThread "Notification Thread" daemon [_thread_blocked, id=17700, stack(0x000000ad25d00000,0x000000ad25e00000)]
  0x0000025800908b00 JavaThread "Daemon health stats" [_thread_blocked, id=23360, stack(0x000000ad26200000,0x000000ad26300000)]
  0x00000258017824d0 JavaThread "Incoming local TCP Connector on port 55932" [_thread_in_native, id=14080, stack(0x000000ad26300000,0x000000ad26400000)]
  0x00000258010c8b50 JavaThread "Daemon periodic checks" [_thread_blocked, id=3388, stack(0x000000ad26400000,0x000000ad26500000)]
  0x00000258014b7ab0 JavaThread "Daemon" [_thread_blocked, id=18508, stack(0x000000ad26500000,0x000000ad26600000)]
  0x0000025800e810f0 JavaThread "Handler for socket connection from /127.0.0.1:55932 to /127.0.0.1:55933" [_thread_in_native, id=4824, stack(0x000000ad26600000,0x000000ad26700000)]
  0x0000025801726e40 JavaThread "Cancel handler" [_thread_blocked, id=27076, stack(0x000000ad26700000,0x000000ad26800000)]
  0x00000258012209c0 JavaThread "Daemon worker" [_thread_in_Java, id=15276, stack(0x000000ad26800000,0x000000ad26900000)]
  0x0000025800069ad0 JavaThread "Asynchronous log dispatcher for DefaultDaemonConnection: socket connection from /127.0.0.1:55932 to /127.0.0.1:55933" [_thread_blocked, id=15904, stack(0x000000ad26900000,0x000000ad26a00000)]
  0x000002580006c620 JavaThread "Stdin handler" [_thread_blocked, id=27088, stack(0x000000ad26a00000,0x000000ad26b00000)]
  0x000002580006a940 JavaThread "Daemon client event forwarder" [_thread_blocked, id=20880, stack(0x000000ad26b00000,0x000000ad26c00000)]
  0x0000025800069600 JavaThread "Cache worker for journal cache (C:\Users\Hp\.gradle\caches\journal-1)" [_thread_blocked, id=13936, stack(0x000000ad26c00000,0x000000ad26d00000)]
  0x0000025800069130 JavaThread "File lock request listener" [_thread_in_native, id=2464, stack(0x000000ad26d00000,0x000000ad26e00000)]
  0x0000025800068c60 JavaThread "Cache worker for file hash cache (C:\Users\Hp\.gradle\caches\8.0\fileHashes)" [_thread_blocked, id=10020, stack(0x000000ad26e00000,0x000000ad26f00000)]
  0x0000025800069fa0 JavaThread "File watcher server" daemon [_thread_in_native, id=4788, stack(0x000000ad26f00000,0x000000ad27000000)]
  0x000002580006a470 JavaThread "File watcher consumer" daemon [_thread_blocked, id=10708, stack(0x000000ad27000000,0x000000ad27100000)]
  0x000002580006b2e0 JavaThread "jar transforms" [_thread_blocked, id=20508, stack(0x000000ad27100000,0x000000ad27200000)]
  0x000002580006b7b0 JavaThread "jar transforms Thread 2" [_thread_blocked, id=25092, stack(0x000000ad27200000,0x000000ad27300000)]
  0x000002580006ae10 JavaThread "jar transforms Thread 3" [_thread_blocked, id=19876, stack(0x000000ad27300000,0x000000ad27400000)]
  0x000002580006bc80 JavaThread "jar transforms Thread 4" [_thread_blocked, id=7328, stack(0x000000ad27400000,0x000000ad27500000)]
  0x000002580006c150 JavaThread "Cache worker for checksums cache (C:\Users\Hp\Desktop\Picky-Foody-main\.gradle\8.0\checksums)" [_thread_blocked, id=9280, stack(0x000000ad27600000,0x000000ad27700000)]
  0x0000025802132380 JavaThread "Cache worker for cache directory md-rule (C:\Users\Hp\.gradle\caches\8.0\md-rule)" [_thread_blocked, id=9208, stack(0x000000ad27700000,0x000000ad27800000)]
  0x0000025802135870 JavaThread "Cache worker for file content cache (C:\Users\Hp\.gradle\caches\8.0\fileContent)" [_thread_blocked, id=12860, stack(0x000000ad27800000,0x000000ad27900000)]
  0x0000025802137080 JavaThread "Cache worker for file hash cache (C:\Users\Hp\Desktop\Picky-Foody-main\.gradle\8.0\fileHashes)" [_thread_blocked, id=11624, stack(0x000000ad27900000,0x000000ad27a00000)]
  0x00000258021383c0 JavaThread "Cache worker for cache directory md-supplier (C:\Users\Hp\.gradle\caches\8.0\md-supplier)" [_thread_blocked, id=19920, stack(0x000000ad27a00000,0x000000ad27b00000)]
  0x0000025802137550 JavaThread "Cache worker for execution history cache (C:\Users\Hp\.gradle\caches\8.0\executionHistory)" [_thread_blocked, id=24984, stack(0x000000ad27b00000,0x000000ad27c00000)]
  0x0000025802134a00 JavaThread "Cache worker for dependencies-accessors (C:\Users\Hp\Desktop\Picky-Foody-main\.gradle\8.0\dependencies-accessors)" [_thread_blocked, id=20120, stack(0x000000ad27c00000,0x000000ad27d00000)]
  0x00000258021331f0 JavaThread "Cache worker for Build Output Cleanup Cache (C:\Users\Hp\Desktop\Picky-Foody-main\.gradle\buildOutputCleanup)" [_thread_blocked, id=27116, stack(0x000000ad27d00000,0x000000ad27e00000)]
  0x0000025802137ef0 JavaThread "Unconstrained build operations" [_thread_blocked, id=18316, stack(0x000000ad27e00000,0x000000ad27f00000)]
  0x0000025802136bb0 JavaThread "Unconstrained build operations Thread 2" [_thread_blocked, id=24868, stack(0x000000ad27f00000,0x000000ad28000000)]
  0x0000025802138890 JavaThread "Unconstrained build operations Thread 3" [_thread_blocked, id=5088, stack(0x000000ad28000000,0x000000ad28100000)]
  0x0000025802132d20 JavaThread "Unconstrained build operations Thread 4" [_thread_blocked, id=20524, stack(0x000000ad28100000,0x000000ad28200000)]
  0x0000025802134ed0 JavaThread "Unconstrained build operations Thread 5" [_thread_blocked, id=4852, stack(0x000000ad28200000,0x000000ad28300000)]
  0x0000025802139230 JavaThread "Unconstrained build operations Thread 6" [_thread_blocked, id=12668, stack(0x000000ad28300000,0x000000ad28400000)]
  0x0000025802135d40 JavaThread "Unconstrained build operations Thread 7" [_thread_blocked, id=27248, stack(0x000000ad28400000,0x000000ad28500000)]
  0x0000025802136210 JavaThread "Unconstrained build operations Thread 8" [_thread_blocked, id=21964, stack(0x000000ad28500000,0x000000ad28600000)]
  0x0000025802138d60 JavaThread "Unconstrained build operations Thread 9" [_thread_blocked, id=20468, stack(0x000000ad28600000,0x000000ad28700000)]
  0x00000258021336c0 JavaThread "Unconstrained build operations Thread 10" [_thread_blocked, id=25892, stack(0x000000ad28700000,0x000000ad28800000)]
  0x0000025802133b90 JavaThread "Unconstrained build operations Thread 11" [_thread_blocked, id=11080, stack(0x000000ad28800000,0x000000ad28900000)]
  0x00000258021366e0 JavaThread "Unconstrained build operations Thread 12" [_thread_blocked, id=22816, stack(0x000000ad28900000,0x000000ad28a00000)]
  0x0000025802139700 JavaThread "Unconstrained build operations Thread 13" [_thread_blocked, id=15432, stack(0x000000ad28a00000,0x000000ad28b00000)]
  0x0000025802444320 JavaThread "Unconstrained build operations Thread 14" [_thread_blocked, id=26660, stack(0x000000ad28b00000,0x000000ad28c00000)]
  0x000002580243faf0 JavaThread "Unconstrained build operations Thread 15" [_thread_blocked, id=22512, stack(0x000000ad28c00000,0x000000ad28d00000)]
  0x000002580243e7b0 JavaThread "Unconstrained build operations Thread 16" [_thread_blocked, id=12664, stack(0x000000ad28d00000,0x000000ad28e00000)]
  0x000002580243d940 JavaThread "Unconstrained build operations Thread 17" [_thread_blocked, id=7632, stack(0x000000ad28e00000,0x000000ad28f00000)]
  0x000002580243ffc0 JavaThread "Unconstrained build operations Thread 18" [_thread_blocked, id=3608, stack(0x000000ad28f00000,0x000000ad29000000)]
  0x0000025802442170 JavaThread "Unconstrained build operations Thread 19" [_thread_blocked, id=15504, stack(0x000000ad29000000,0x000000ad29100000)]
  0x0000025802443e50 JavaThread "Unconstrained build operations Thread 20" [_thread_blocked, id=7824, stack(0x000000ad29100000,0x000000ad29200000)]
  0x00000258024417d0 JavaThread "Unconstrained build operations Thread 21" [_thread_blocked, id=10288, stack(0x000000ad29200000,0x000000ad29300000)]
  0x0000025802440490 JavaThread "Unconstrained build operations Thread 22" [_thread_blocked, id=7588, stack(0x000000ad29300000,0x000000ad29400000)]
  0x000002580243ec80 JavaThread "Unconstrained build operations Thread 23" [_thread_blocked, id=16752, stack(0x000000ad29400000,0x000000ad29500000)]
  0x0000025802440e30 JavaThread "Unconstrained build operations Thread 24" [_thread_blocked, id=25760, stack(0x000000ad29500000,0x000000ad29600000)]
  0x000002580243f620 JavaThread "Unconstrained build operations Thread 25" [_thread_blocked, id=26940, stack(0x000000ad29600000,0x000000ad29700000)]
  0x00000258024434b0 JavaThread "Unconstrained build operations Thread 26" [_thread_blocked, id=23440, stack(0x000000ad29700000,0x000000ad29800000)]
  0x000002580243de10 JavaThread "Unconstrained build operations Thread 27" [_thread_blocked, id=3776, stack(0x000000ad29800000,0x000000ad29900000)]
  0x0000025802441300 JavaThread "Unconstrained build operations Thread 28" [_thread_blocked, id=27028, stack(0x000000ad29900000,0x000000ad29a00000)]
  0x0000025802443980 JavaThread "Unconstrained build operations Thread 29" [_thread_blocked, id=6688, stack(0x000000ad29a00000,0x000000ad29b00000)]
  0x0000025802442fe0 JavaThread "Unconstrained build operations Thread 30" [_thread_blocked, id=21120, stack(0x000000ad29b00000,0x000000ad29c00000)]
  0x000002580243cad0 JavaThread "Unconstrained build operations Thread 31" [_thread_blocked, id=14440, stack(0x000000ad29c00000,0x000000ad29d00000)]
  0x0000025802441ca0 JavaThread "Unconstrained build operations Thread 32" [_thread_blocked, id=23988, stack(0x000000ad29d00000,0x000000ad29e00000)]
  0x000002580243f150 JavaThread "Unconstrained build operations Thread 33" [_thread_blocked, id=20484, stack(0x000000ad29e00000,0x000000ad29f00000)]
  0x000002580243e2e0 JavaThread "Unconstrained build operations Thread 34" [_thread_blocked, id=9660, stack(0x000000ad29f00000,0x000000ad2a000000)]
  0x0000025802440960 JavaThread "Unconstrained build operations Thread 35" [_thread_blocked, id=27336, stack(0x000000ad2a000000,0x000000ad2a100000)]
  0x0000025802442640 JavaThread "Unconstrained build operations Thread 36" [_thread_blocked, id=24504, stack(0x000000ad2a100000,0x000000ad2a200000)]
  0x0000025802442b10 JavaThread "Unconstrained build operations Thread 37" [_thread_blocked, id=26916, stack(0x000000ad2a200000,0x000000ad2a300000)]
  0x000002580243cfa0 JavaThread "Unconstrained build operations Thread 38" [_thread_blocked, id=26248, stack(0x000000ad2a300000,0x000000ad2a400000)]
  0x000002580243d470 JavaThread "Unconstrained build operations Thread 39" [_thread_blocked, id=4184, stack(0x000000ad2a400000,0x000000ad2a500000)]
  0x00000258001f4000 JavaThread "Unconstrained build operations Thread 40" [_thread_blocked, id=9176, stack(0x000000ad2a500000,0x000000ad2a600000)]
  0x00000258001f7020 JavaThread "Memory manager" [_thread_blocked, id=25664, stack(0x000000ad2a800000,0x000000ad2a900000)]
  0x00000258001f61b0 JavaThread "pool-3-thread-1" [_thread_blocked, id=27168, stack(0x000000ad2a900000,0x000000ad2aa00000)]
  0x00000258001f7e90 JavaThread "included builds" [_thread_blocked, id=23236, stack(0x000000ad2aa00000,0x000000ad2ab00000)]
  0x00000258001f6b50 JavaThread "Execution worker" [_thread_blocked, id=21384, stack(0x000000ad2ab00000,0x000000ad2ac00000)]
  0x00000258001f49a0 JavaThread "Execution worker Thread 2" [_thread_blocked, id=2160, stack(0x000000ad2ac00000,0x000000ad2ad00000)]
  0x00000258001faeb0 JavaThread "Execution worker Thread 3" [_thread_blocked, id=11756, stack(0x000000ad2ad00000,0x000000ad2ae00000)]
  0x00000258001f5ce0 JavaThread "Cache worker for execution history cache (C:\Users\Hp\Desktop\Picky-Foody-main\.gradle\8.0\executionHistory)" [_thread_blocked, id=16360, stack(0x000000ad2ae00000,0x000000ad2af00000)]
  0x00000258001f79c0 JavaThread "idea-tooling-model-converter" [_thread_blocked, id=22380, stack(0x000000ad2af00000,0x000000ad2b000000)]

Other Threads:
  0x000002587ec5c7c0 VMThread "VM Thread" [stack: 0x000000ad25200000,0x000000ad25300000] [id=13560]
  0x000002587f9c51e0 WatcherThread [stack: 0x000000ad25e00000,0x000000ad25f00000] [id=7076]
  0x0000025864f5ed10 GCTaskThread "GC Thread#0" [stack: 0x000000ad24d00000,0x000000ad24e00000] [id=23504]
  0x000002580062aaa0 GCTaskThread "GC Thread#1" [stack: 0x000000ad25f00000,0x000000ad26000000] [id=27240]
  0x000002587fb70bc0 GCTaskThread "GC Thread#2" [stack: 0x000000ad26000000,0x000000ad26100000] [id=26828]
  0x0000025800020680 GCTaskThread "GC Thread#3" [stack: 0x000000ad26100000,0x000000ad26200000] [id=14816]
  0x0000025864f6fb60 ConcurrentGCThread "G1 Main Marker" [stack: 0x000000ad24e00000,0x000000ad24f00000] [id=18320]
  0x0000025864f71490 ConcurrentGCThread "G1 Conc#0" [stack: 0x000000ad24f00000,0x000000ad25000000] [id=25164]
  0x0000025864fae250 ConcurrentGCThread "G1 Refine#0" [stack: 0x000000ad25000000,0x000000ad25100000] [id=23240]
  0x000002580249a820 ConcurrentGCThread "G1 Refine#1" [stack: 0x000000ad27500000,0x000000ad27600000] [id=26532]
  0x0000025864faeb80 ConcurrentGCThread "G1 Service" [stack: 0x000000ad25100000,0x000000ad25200000] [id=26124]

Threads with active compile tasks:
C2 CompilerThread0    51505 9199       4       java.beans.Introspector::addMethod (196 bytes)

VM state: not at safepoint (normal execution)

VM Mutex/Monitor currently owned by a thread: None

Heap address: 0x0000000080000000, size: 2048 MB, Compressed Oops mode: 32-bit

CDS archive(s) not mapped
Compressed class space mapped at: 0x0000000100000000-0x0000000140000000, reserved size: 1073741824
Narrow klass base: 0x0000000000000000, Narrow klass shift: 3, Narrow klass range: 0x140000000

GC Precious Log:
 CPUs: 4 total, 4 available
 Memory: 3993M
 Large Page Support: Disabled
 NUMA Support: Disabled
 Compressed Oops: Enabled (32-bit)
 Heap Region Size: 1M
 Heap Min Capacity: 8M
 Heap Initial Capacity: 64M
 Heap Max Capacity: 2G
 Pre-touch: Disabled
 Parallel Workers: 4
 Concurrent Workers: 1
 Concurrent Refinement Workers: 4
 Periodic GC: Disabled

Heap:
 garbage-first heap   total 327680K, used 233749K [0x0000000080000000, 0x0000000100000000)
  region size 1024K, 113 young (115712K), 3 survivors (3072K)
 Metaspace       used 91725K, committed 92480K, reserved 1130496K
  class space    used 12186K, committed 12544K, reserved 1048576K

Heap Regions: E=young(eden), S=young(survivor), O=old, HS=humongous(starts), HC=humongous(continues), CS=collection set, F=free, OA=open archive, CA=closed archive, TAMS=top-at-mark-start (previous, next)
|   0|0x0000000080000000, 0x0000000080100000, 0x0000000080100000|100%| O|  |TAMS 0x0000000080100000, 0x0000000080000000| Untracked 
|   1|0x0000000080100000, 0x0000000080200000, 0x0000000080200000|100%| O|  |TAMS 0x0000000080200000, 0x0000000080100000| Untracked 
|   2|0x0000000080200000, 0x0000000080300000, 0x0000000080300000|100%|HS|  |TAMS 0x0000000080300000, 0x0000000080200000| Complete 
|   3|0x0000000080300000, 0x0000000080400000, 0x0000000080400000|100%|HC|  |TAMS 0x0000000080400000, 0x0000000080300000| Complete 
|   4|0x0000000080400000, 0x0000000080500000, 0x0000000080500000|100%|HC|  |TAMS 0x0000000080500000, 0x0000000080400000| Complete 
|   5|0x0000000080500000, 0x0000000080600000, 0x0000000080600000|100%|HC|  |TAMS 0x0000000080600000, 0x0000000080500000| Complete 
|   6|0x0000000080600000, 0x0000000080700000, 0x0000000080700000|100%| O|  |TAMS 0x0000000080700000, 0x0000000080600000| Untracked 
|   7|0x0000000080700000, 0x0000000080800000, 0x0000000080800000|100%| O|  |TAMS 0x0000000080800000, 0x0000000080700000| Untracked 
|   8|0x0000000080800000, 0x0000000080900000, 0x0000000080900000|100%| O|  |TAMS 0x0000000080900000, 0x0000000080800000| Untracked 
|   9|0x0000000080900000, 0x0000000080a00000, 0x0000000080a00000|100%| O|  |TAMS 0x0000000080a00000, 0x0000000080900000| Untracked 
|  10|0x0000000080a00000, 0x0000000080b00000, 0x0000000080b00000|100%| O|  |TAMS 0x0000000080b00000, 0x0000000080a00000| Untracked 
|  11|0x0000000080b00000, 0x0000000080c00000, 0x0000000080c00000|100%| O|  |TAMS 0x0000000080c00000, 0x0000000080b00000| Untracked 
|  12|0x0000000080c00000, 0x0000000080d00000, 0x0000000080d00000|100%| O|  |TAMS 0x0000000080d00000, 0x0000000080c00000| Untracked 
|  13|0x0000000080d00000, 0x0000000080e00000, 0x0000000080e00000|100%| O|  |TAMS 0x0000000080e00000, 0x0000000080d00000| Untracked 
|  14|0x0000000080e00000, 0x0000000080f00000, 0x0000000080f00000|100%| O|  |TAMS 0x0000000080f00000, 0x0000000080e00000| Untracked 
|  15|0x0000000080f00000, 0x0000000081000000, 0x0000000081000000|100%| O|  |TAMS 0x0000000081000000, 0x0000000080f00000| Untracked 
|  16|0x0000000081000000, 0x0000000081100000, 0x0000000081100000|100%| O|  |TAMS 0x0000000081100000, 0x0000000081000000| Untracked 
|  17|0x0000000081100000, 0x0000000081200000, 0x0000000081200000|100%| O|  |TAMS 0x0000000081200000, 0x0000000081100000| Untracked 
|  18|0x0000000081200000, 0x0000000081300000, 0x0000000081300000|100%|HS|  |TAMS 0x0000000081300000, 0x0000000081200000| Complete 
|  19|0x0000000081300000, 0x0000000081400000, 0x0000000081400000|100%|HC|  |TAMS 0x0000000081400000, 0x0000000081300000| Complete 
|  20|0x0000000081400000, 0x0000000081500000, 0x0000000081500000|100%|HS|  |TAMS 0x0000000081500000, 0x0000000081400000| Complete 
|  21|0x0000000081500000, 0x0000000081600000, 0x0000000081600000|100%|HC|  |TAMS 0x0000000081600000, 0x0000000081500000| Complete 
|  22|0x0000000081600000, 0x0000000081700000, 0x0000000081700000|100%|HC|  |TAMS 0x0000000081700000, 0x0000000081600000| Complete 
|  23|0x0000000081700000, 0x0000000081800000, 0x0000000081800000|100%|HS|  |TAMS 0x0000000081800000, 0x0000000081700000| Complete 
|  24|0x0000000081800000, 0x0000000081900000, 0x0000000081900000|100%|HC|  |TAMS 0x0000000081900000, 0x0000000081800000| Complete 
|  25|0x0000000081900000, 0x0000000081a00000, 0x0000000081a00000|100%|HC|  |TAMS 0x0000000081a00000, 0x0000000081900000| Complete 
|  26|0x0000000081a00000, 0x0000000081b00000, 0x0000000081b00000|100%| O|  |TAMS 0x0000000081b00000, 0x0000000081a00000| Untracked 
|  27|0x0000000081b00000, 0x0000000081c00000, 0x0000000081c00000|100%| O|  |TAMS 0x0000000081c00000, 0x0000000081b00000| Untracked 
|  28|0x0000000081c00000, 0x0000000081d00000, 0x0000000081d00000|100%| O|  |TAMS 0x0000000081d00000, 0x0000000081c00000| Untracked 
|  29|0x0000000081d00000, 0x0000000081e00000, 0x0000000081e00000|100%| O|  |TAMS 0x0000000081e00000, 0x0000000081d00000| Untracked 
|  30|0x0000000081e00000, 0x0000000081f00000, 0x0000000081f00000|100%| O|  |TAMS 0x0000000081f00000, 0x0000000081e00000| Untracked 
|  31|0x0000000081f00000, 0x0000000082000000, 0x0000000082000000|100%|HS|  |TAMS 0x0000000082000000, 0x0000000081f00000| Complete 
|  32|0x0000000082000000, 0x0000000082100000, 0x0000000082100000|100%|HC|  |TAMS 0x0000000082100000, 0x0000000082000000| Complete 
|  33|0x0000000082100000, 0x0000000082200000, 0x0000000082200000|100%| O|  |TAMS 0x0000000082100000, 0x0000000082100000| Untracked 
|  34|0x0000000082200000, 0x0000000082300000, 0x0000000082300000|100%| O|  |TAMS 0x0000000082300000, 0x0000000082200000| Untracked 
|  35|0x0000000082300000, 0x0000000082400000, 0x0000000082400000|100%|HS|  |TAMS 0x0000000082400000, 0x0000000082300000| Complete 
|  36|0x0000000082400000, 0x0000000082500000, 0x0000000082500000|100%|HC|  |TAMS 0x0000000082500000, 0x0000000082400000| Complete 
|  37|0x0000000082500000, 0x0000000082600000, 0x0000000082600000|100%|HC|  |TAMS 0x0000000082600000, 0x0000000082500000| Complete 
|  38|0x0000000082600000, 0x0000000082700000, 0x0000000082700000|100%|HC|  |TAMS 0x0000000082700000, 0x0000000082600000| Complete 
|  39|0x0000000082700000, 0x0000000082800000, 0x0000000082800000|100%|HC|  |TAMS 0x0000000082800000, 0x0000000082700000| Complete 
|  40|0x0000000082800000, 0x0000000082900000, 0x0000000082900000|100%|HC|  |TAMS 0x0000000082900000, 0x0000000082800000| Complete 
|  41|0x0000000082900000, 0x0000000082a00000, 0x0000000082a00000|100%|HC|  |TAMS 0x0000000082a00000, 0x0000000082900000| Complete 
|  42|0x0000000082a00000, 0x0000000082b00000, 0x0000000082b00000|100%|HC|  |TAMS 0x0000000082b00000, 0x0000000082a00000| Complete 
|  43|0x0000000082b00000, 0x0000000082c00000, 0x0000000082c00000|100%|HC|  |TAMS 0x0000000082c00000, 0x0000000082b00000| Complete 
|  44|0x0000000082c00000, 0x0000000082d00000, 0x0000000082d00000|100%|HC|  |TAMS 0x0000000082d00000, 0x0000000082c00000| Complete 
|  45|0x0000000082d00000, 0x0000000082e00000, 0x0000000082e00000|100%|HC|  |TAMS 0x0000000082e00000, 0x0000000082d00000| Complete 
|  46|0x0000000082e00000, 0x0000000082f00000, 0x0000000082f00000|100%|HC|  |TAMS 0x0000000082f00000, 0x0000000082e00000| Complete 
|  47|0x0000000082f00000, 0x0000000083000000, 0x0000000083000000|100%| O|  |TAMS 0x0000000083000000, 0x0000000082f00000| Untracked 
|  48|0x0000000083000000, 0x0000000083100000, 0x0000000083100000|100%| O|  |TAMS 0x0000000083100000, 0x0000000083000000| Untracked 
|  49|0x0000000083100000, 0x0000000083200000, 0x0000000083200000|100%| O|  |TAMS 0x0000000083200000, 0x0000000083100000| Untracked 
|  50|0x0000000083200000, 0x0000000083300000, 0x0000000083300000|100%| O|  |TAMS 0x0000000083300000, 0x0000000083200000| Untracked 
|  51|0x0000000083300000, 0x0000000083400000, 0x0000000083400000|100%| O|  |TAMS 0x0000000083400000, 0x0000000083300000| Untracked 
|  52|0x0000000083400000, 0x0000000083500000, 0x0000000083500000|100%| O|  |TAMS 0x0000000083500000, 0x0000000083400000| Untracked 
|  53|0x0000000083500000, 0x0000000083600000, 0x0000000083600000|100%| O|  |TAMS 0x0000000083600000, 0x0000000083500000| Untracked 
|  54|0x0000000083600000, 0x0000000083700000, 0x0000000083700000|100%| O|  |TAMS 0x0000000083700000, 0x0000000083600000| Untracked 
|  55|0x0000000083700000, 0x0000000083800000, 0x0000000083800000|100%| O|  |TAMS 0x0000000083800000, 0x0000000083700000| Untracked 
|  56|0x0000000083800000, 0x0000000083900000, 0x0000000083900000|100%| O|  |TAMS 0x0000000083900000, 0x0000000083800000| Untracked 
|  57|0x0000000083900000, 0x0000000083a00000, 0x0000000083a00000|100%| O|  |TAMS 0x0000000083a00000, 0x0000000083900000| Untracked 
|  58|0x0000000083a00000, 0x0000000083b00000, 0x0000000083b00000|100%|HS|  |TAMS 0x0000000083b00000, 0x0000000083a00000| Complete 
|  59|0x0000000083b00000, 0x0000000083c00000, 0x0000000083c00000|100%|HC|  |TAMS 0x0000000083c00000, 0x0000000083b00000| Complete 
|  60|0x0000000083c00000, 0x0000000083d00000, 0x0000000083d00000|100%|HC|  |TAMS 0x0000000083d00000, 0x0000000083c00000| Complete 
|  61|0x0000000083d00000, 0x0000000083e00000, 0x0000000083e00000|100%|HS|  |TAMS 0x0000000083e00000, 0x0000000083d00000| Complete 
|  62|0x0000000083e00000, 0x0000000083f00000, 0x0000000083f00000|100%|HC|  |TAMS 0x0000000083f00000, 0x0000000083e00000| Complete 
|  63|0x0000000083f00000, 0x0000000084000000, 0x0000000084000000|100%|HC|  |TAMS 0x0000000084000000, 0x0000000083f00000| Complete 
|  64|0x0000000084000000, 0x0000000084100000, 0x0000000084100000|100%| O|  |TAMS 0x0000000084100000, 0x0000000084000000| Untracked 
|  65|0x0000000084100000, 0x0000000084200000, 0x0000000084200000|100%| O|  |TAMS 0x0000000084200000, 0x0000000084100000| Untracked 
|  66|0x0000000084200000, 0x0000000084300000, 0x0000000084300000|100%| O|  |TAMS 0x0000000084300000, 0x0000000084200000| Untracked 
|  67|0x0000000084300000, 0x0000000084400000, 0x0000000084400000|100%| O|  |TAMS 0x0000000084400000, 0x0000000084300000| Untracked 
|  68|0x0000000084400000, 0x0000000084500000, 0x0000000084500000|100%| O|  |TAMS 0x0000000084500000, 0x0000000084400000| Untracked 
|  69|0x0000000084500000, 0x0000000084600000, 0x0000000084600000|100%| O|  |TAMS 0x0000000084600000, 0x0000000084500000| Untracked 
|  70|0x0000000084600000, 0x0000000084700000, 0x0000000084700000|100%| O|  |TAMS 0x0000000084700000, 0x0000000084600000| Untracked 
|  71|0x0000000084700000, 0x0000000084800000, 0x0000000084800000|100%| O|  |TAMS 0x0000000084800000, 0x0000000084700000| Untracked 
|  72|0x0000000084800000, 0x0000000084900000, 0x0000000084900000|100%| O|  |TAMS 0x0000000084900000, 0x0000000084800000| Untracked 
|  73|0x0000000084900000, 0x0000000084a00000, 0x0000000084a00000|100%| O|  |TAMS 0x0000000084a00000, 0x0000000084900000| Untracked 
|  74|0x0000000084a00000, 0x0000000084b00000, 0x0000000084b00000|100%| O|  |TAMS 0x0000000084b00000, 0x0000000084a00000| Untracked 
|  75|0x0000000084b00000, 0x0000000084c00000, 0x0000000084c00000|100%| O|  |TAMS 0x0000000084c00000, 0x0000000084b00000| Untracked 
|  76|0x0000000084c00000, 0x0000000084d00000, 0x0000000084d00000|100%| O|  |TAMS 0x0000000084d00000, 0x0000000084c00000| Untracked 
|  77|0x0000000084d00000, 0x0000000084e00000, 0x0000000084e00000|100%| O|  |TAMS 0x0000000084e00000, 0x0000000084d00000| Untracked 
|  78|0x0000000084e00000, 0x0000000084f00000, 0x0000000084f00000|100%|HS|  |TAMS 0x0000000084f00000, 0x0000000084e00000| Complete 
|  79|0x0000000084f00000, 0x0000000085000000, 0x0000000085000000|100%|HS|  |TAMS 0x0000000085000000, 0x0000000084f00000| Complete 
|  80|0x0000000085000000, 0x0000000085100000, 0x0000000085100000|100%| O|  |TAMS 0x0000000085100000, 0x0000000085000000| Untracked 
|  81|0x0000000085100000, 0x0000000085200000, 0x0000000085200000|100%| O|  |TAMS 0x0000000085200000, 0x0000000085100000| Untracked 
|  82|0x0000000085200000, 0x0000000085300000, 0x0000000085300000|100%| O|  |TAMS 0x0000000085300000, 0x0000000085200000| Untracked 
|  83|0x0000000085300000, 0x0000000085400000, 0x0000000085400000|100%| O|  |TAMS 0x0000000085400000, 0x0000000085300000| Untracked 
|  84|0x0000000085400000, 0x0000000085500000, 0x0000000085500000|100%| O|  |TAMS 0x0000000085500000, 0x0000000085400000| Untracked 
|  85|0x0000000085500000, 0x0000000085600000, 0x0000000085600000|100%| O|  |TAMS 0x0000000085600000, 0x0000000085500000| Untracked 
|  86|0x0000000085600000, 0x0000000085700000, 0x0000000085700000|100%| O|  |TAMS 0x0000000085700000, 0x0000000085600000| Untracked 
|  87|0x0000000085700000, 0x0000000085800000, 0x0000000085800000|100%| O|  |TAMS 0x0000000085800000, 0x0000000085700000| Untracked 
|  88|0x0000000085800000, 0x0000000085900000, 0x0000000085900000|100%|HS|  |TAMS 0x0000000085800000, 0x0000000085800000| Complete 
|  89|0x0000000085900000, 0x0000000085a00000, 0x0000000085a00000|100%| O|  |TAMS 0x0000000085a00000, 0x0000000085900000| Untracked 
|  90|0x0000000085a00000, 0x0000000085b00000, 0x0000000085b00000|100%| O|  |TAMS 0x0000000085b00000, 0x0000000085a00000| Untracked 
|  91|0x0000000085b00000, 0x0000000085c00000, 0x0000000085c00000|100%| O|  |TAMS 0x0000000085bee200, 0x0000000085b00000| Untracked 
|  92|0x0000000085c00000, 0x0000000085d00000, 0x0000000085d00000|100%| O|  |TAMS 0x0000000085c00000, 0x0000000085c00000| Untracked 
|  93|0x0000000085d00000, 0x0000000085e00000, 0x0000000085e00000|100%| O|  |TAMS 0x0000000085d00000, 0x0000000085d00000| Untracked 
|  94|0x0000000085e00000, 0x0000000085f00000, 0x0000000085f00000|100%| O|  |TAMS 0x0000000085e00000, 0x0000000085e00000| Untracked 
|  95|0x0000000085f00000, 0x0000000085fe1600, 0x0000000086000000| 88%| O|  |TAMS 0x0000000085f00000, 0x0000000085f00000| Untracked 
|  96|0x0000000086000000, 0x0000000086100000, 0x0000000086100000|100%|HS|  |TAMS 0x0000000086000000, 0x0000000086000000| Complete 
|  97|0x0000000086100000, 0x0000000086200000, 0x0000000086200000|100%|HC|  |TAMS 0x0000000086100000, 0x0000000086100000| Complete 
|  98|0x0000000086200000, 0x0000000086300000, 0x0000000086300000|100%|HS|  |TAMS 0x0000000086200000, 0x0000000086200000| Complete 
|  99|0x0000000086300000, 0x0000000086400000, 0x0000000086400000|100%|HC|  |TAMS 0x0000000086300000, 0x0000000086300000| Complete 
| 100|0x0000000086400000, 0x0000000086500000, 0x0000000086500000|100%|HC|  |TAMS 0x0000000086400000, 0x0000000086400000| Complete 
| 101|0x0000000086500000, 0x0000000086600000, 0x0000000086600000|100%|HS|  |TAMS 0x0000000086500000, 0x0000000086500000| Complete 
| 102|0x0000000086600000, 0x0000000086700000, 0x0000000086700000|100%|HC|  |TAMS 0x0000000086600000, 0x0000000086600000| Complete 
| 103|0x0000000086700000, 0x0000000086800000, 0x0000000086800000|100%|HC|  |TAMS 0x0000000086700000, 0x0000000086700000| Complete 
| 104|0x0000000086800000, 0x0000000086900000, 0x0000000086900000|100%|HS|  |TAMS 0x0000000086800000, 0x0000000086800000| Complete 
| 105|0x0000000086900000, 0x0000000086a00000, 0x0000000086a00000|100%|HC|  |TAMS 0x0000000086900000, 0x0000000086900000| Complete 
| 106|0x0000000086a00000, 0x0000000086b00000, 0x0000000086b00000|100%|HC|  |TAMS 0x0000000086a00000, 0x0000000086a00000| Complete 
| 107|0x0000000086b00000, 0x0000000086c00000, 0x0000000086c00000|100%|HC|  |TAMS 0x0000000086b00000, 0x0000000086b00000| Complete 
| 108|0x0000000086c00000, 0x0000000086d00000, 0x0000000086d00000|100%|HC|  |TAMS 0x0000000086c00000, 0x0000000086c00000| Complete 
| 109|0x0000000086d00000, 0x0000000086e00000, 0x0000000086e00000|100%|HC|  |TAMS 0x0000000086d00000, 0x0000000086d00000| Complete 
| 110|0x0000000086e00000, 0x0000000086f00000, 0x0000000086f00000|100%|HC|  |TAMS 0x0000000086e00000, 0x0000000086e00000| Complete 
| 111|0x0000000086f00000, 0x0000000087000000, 0x0000000087000000|100%|HC|  |TAMS 0x0000000086f00000, 0x0000000086f00000| Complete 
| 112|0x0000000087000000, 0x0000000087100000, 0x0000000087100000|100%|HC|  |TAMS 0x0000000087000000, 0x0000000087000000| Complete 
| 113|0x0000000087100000, 0x0000000087200000, 0x0000000087200000|100%|HC|  |TAMS 0x0000000087100000, 0x0000000087100000| Complete 
| 114|0x0000000087200000, 0x0000000087300000, 0x0000000087300000|100%|HC|  |TAMS 0x0000000087200000, 0x0000000087200000| Complete 
| 115|0x0000000087300000, 0x0000000087400000, 0x0000000087400000|100%|HC|  |TAMS 0x0000000087300000, 0x0000000087300000| Complete 
| 116|0x0000000087400000, 0x0000000087500000, 0x0000000087500000|100%|HS|  |TAMS 0x0000000087400000, 0x0000000087400000| Complete 
| 117|0x0000000087500000, 0x0000000087600000, 0x0000000087600000|100%|HC|  |TAMS 0x0000000087500000, 0x0000000087500000| Complete 
| 118|0x0000000087600000, 0x0000000087600000, 0x0000000087700000|  0%| F|  |TAMS 0x0000000087600000, 0x0000000087600000| Untracked 
| 119|0x0000000087700000, 0x0000000087700000, 0x0000000087800000|  0%| F|  |TAMS 0x0000000087700000, 0x0000000087700000| Untracked 
| 120|0x0000000087800000, 0x0000000087800000, 0x0000000087900000|  0%| F|  |TAMS 0x0000000087800000, 0x0000000087800000| Untracked 
| 121|0x0000000087900000, 0x0000000087900000, 0x0000000087a00000|  0%| F|  |TAMS 0x0000000087900000, 0x0000000087900000| Untracked 
| 122|0x0000000087a00000, 0x0000000087a00000, 0x0000000087b00000|  0%| F|  |TAMS 0x0000000087a00000, 0x0000000087a00000| Untracked 
| 123|0x0000000087b00000, 0x0000000087b00000, 0x0000000087c00000|  0%| F|  |TAMS 0x0000000087b00000, 0x0000000087b00000| Untracked 
| 124|0x0000000087c00000, 0x0000000087c64140, 0x0000000087d00000| 39%| S|CS|TAMS 0x0000000087c00000, 0x0000000087c00000| Complete 
| 125|0x0000000087d00000, 0x0000000087e00000, 0x0000000087e00000|100%| S|CS|TAMS 0x0000000087d00000, 0x0000000087d00000| Complete 
| 126|0x0000000087e00000, 0x0000000087f00000, 0x0000000087f00000|100%| S|CS|TAMS 0x0000000087e00000, 0x0000000087e00000| Complete 
| 127|0x0000000087f00000, 0x0000000087f00000, 0x0000000088000000|  0%| F|  |TAMS 0x0000000087f00000, 0x0000000087f00000| Untracked 
| 128|0x0000000088000000, 0x0000000088000000, 0x0000000088100000|  0%| F|  |TAMS 0x0000000088000000, 0x0000000088000000| Untracked 
| 129|0x0000000088100000, 0x0000000088100000, 0x0000000088200000|  0%| F|  |TAMS 0x0000000088100000, 0x0000000088100000| Untracked 
| 130|0x0000000088200000, 0x0000000088200000, 0x0000000088300000|  0%| F|  |TAMS 0x0000000088200000, 0x0000000088200000| Untracked 
| 131|0x0000000088300000, 0x0000000088300000, 0x0000000088400000|  0%| F|  |TAMS 0x0000000088300000, 0x0000000088300000| Untracked 
| 132|0x0000000088400000, 0x0000000088400000, 0x0000000088500000|  0%| F|  |TAMS 0x0000000088400000, 0x0000000088400000| Untracked 
| 133|0x0000000088500000, 0x0000000088500000, 0x0000000088600000|  0%| F|  |TAMS 0x0000000088500000, 0x0000000088500000| Untracked 
| 134|0x0000000088600000, 0x0000000088600000, 0x0000000088700000|  0%| F|  |TAMS 0x0000000088600000, 0x0000000088600000| Untracked 
| 135|0x0000000088700000, 0x0000000088700000, 0x0000000088800000|  0%| F|  |TAMS 0x0000000088700000, 0x0000000088700000| Untracked 
| 136|0x0000000088800000, 0x0000000088800000, 0x0000000088900000|  0%| F|  |TAMS 0x0000000088800000, 0x0000000088800000| Untracked 
| 137|0x0000000088900000, 0x0000000088900000, 0x0000000088a00000|  0%| F|  |TAMS 0x0000000088900000, 0x0000000088900000| Untracked 
| 138|0x0000000088a00000, 0x0000000088a00000, 0x0000000088b00000|  0%| F|  |TAMS 0x0000000088a00000, 0x0000000088a00000| Untracked 
| 139|0x0000000088b00000, 0x0000000088b00000, 0x0000000088c00000|  0%| F|  |TAMS 0x0000000088b00000, 0x0000000088b00000| Untracked 
| 140|0x0000000088c00000, 0x0000000088c00000, 0x0000000088d00000|  0%| F|  |TAMS 0x0000000088c00000, 0x0000000088c00000| Untracked 
| 141|0x0000000088d00000, 0x0000000088d00000, 0x0000000088e00000|  0%| F|  |TAMS 0x0000000088d00000, 0x0000000088d00000| Untracked 
| 142|0x0000000088e00000, 0x0000000088e00000, 0x0000000088f00000|  0%| F|  |TAMS 0x0000000088e00000, 0x0000000088e00000| Untracked 
| 143|0x0000000088f00000, 0x0000000088f00000, 0x0000000089000000|  0%| F|  |TAMS 0x0000000088f00000, 0x0000000088f00000| Untracked 
| 144|0x0000000089000000, 0x0000000089000000, 0x0000000089100000|  0%| F|  |TAMS 0x0000000089000000, 0x0000000089000000| Untracked 
| 145|0x0000000089100000, 0x0000000089100000, 0x0000000089200000|  0%| F|  |TAMS 0x0000000089100000, 0x0000000089100000| Untracked 
| 146|0x0000000089200000, 0x0000000089200000, 0x0000000089300000|  0%| F|  |TAMS 0x0000000089200000, 0x0000000089200000| Untracked 
| 147|0x0000000089300000, 0x0000000089300000, 0x0000000089400000|  0%| F|  |TAMS 0x0000000089300000, 0x0000000089300000| Untracked 
| 148|0x0000000089400000, 0x0000000089400000, 0x0000000089500000|  0%| F|  |TAMS 0x0000000089400000, 0x0000000089400000| Untracked 
| 149|0x0000000089500000, 0x0000000089500000, 0x0000000089600000|  0%| F|  |TAMS 0x0000000089500000, 0x0000000089500000| Untracked 
| 150|0x0000000089600000, 0x0000000089600000, 0x0000000089700000|  0%| F|  |TAMS 0x0000000089600000, 0x0000000089600000| Untracked 
| 151|0x0000000089700000, 0x0000000089700000, 0x0000000089800000|  0%| F|  |TAMS 0x0000000089700000, 0x0000000089700000| Untracked 
| 152|0x0000000089800000, 0x0000000089800000, 0x0000000089900000|  0%| F|  |TAMS 0x0000000089800000, 0x0000000089800000| Untracked 
| 153|0x0000000089900000, 0x0000000089900000, 0x0000000089a00000|  0%| F|  |TAMS 0x0000000089900000, 0x0000000089900000| Untracked 
| 154|0x0000000089a00000, 0x0000000089a00000, 0x0000000089b00000|  0%| F|  |TAMS 0x0000000089a00000, 0x0000000089a00000| Untracked 
| 155|0x0000000089b00000, 0x0000000089b00000, 0x0000000089c00000|  0%| F|  |TAMS 0x0000000089b00000, 0x0000000089b00000| Untracked 
| 156|0x0000000089c00000, 0x0000000089c00000, 0x0000000089d00000|  0%| F|  |TAMS 0x0000000089c00000, 0x0000000089c00000| Untracked 
| 157|0x0000000089d00000, 0x0000000089d00000, 0x0000000089e00000|  0%| F|  |TAMS 0x0000000089d00000, 0x0000000089d00000| Untracked 
| 158|0x0000000089e00000, 0x0000000089e00000, 0x0000000089f00000|  0%| F|  |TAMS 0x0000000089e00000, 0x0000000089e00000| Untracked 
| 159|0x0000000089f00000, 0x0000000089f00000, 0x000000008a000000|  0%| F|  |TAMS 0x0000000089f00000, 0x0000000089f00000| Untracked 
| 160|0x000000008a000000, 0x000000008a000000, 0x000000008a100000|  0%| F|  |TAMS 0x000000008a000000, 0x000000008a000000| Untracked 
| 161|0x000000008a100000, 0x000000008a100000, 0x000000008a200000|  0%| F|  |TAMS 0x000000008a100000, 0x000000008a100000| Untracked 
| 162|0x000000008a200000, 0x000000008a200000, 0x000000008a300000|  0%| F|  |TAMS 0x000000008a200000, 0x000000008a200000| Untracked 
| 163|0x000000008a300000, 0x000000008a300000, 0x000000008a400000|  0%| F|  |TAMS 0x000000008a300000, 0x000000008a300000| Untracked 
| 164|0x000000008a400000, 0x000000008a400000, 0x000000008a500000|  0%| F|  |TAMS 0x000000008a400000, 0x000000008a400000| Untracked 
| 165|0x000000008a500000, 0x000000008a500000, 0x000000008a600000|  0%| F|  |TAMS 0x000000008a500000, 0x000000008a500000| Untracked 
| 166|0x000000008a600000, 0x000000008a600000, 0x000000008a700000|  0%| F|  |TAMS 0x000000008a600000, 0x000000008a600000| Untracked 
| 167|0x000000008a700000, 0x000000008a700000, 0x000000008a800000|  0%| F|  |TAMS 0x000000008a700000, 0x000000008a700000| Untracked 
| 168|0x000000008a800000, 0x000000008a800000, 0x000000008a900000|  0%| F|  |TAMS 0x000000008a800000, 0x000000008a800000| Untracked 
| 169|0x000000008a900000, 0x000000008a900000, 0x000000008aa00000|  0%| F|  |TAMS 0x000000008a900000, 0x000000008a900000| Untracked 
| 170|0x000000008aa00000, 0x000000008aa00000, 0x000000008ab00000|  0%| F|  |TAMS 0x000000008aa00000, 0x000000008aa00000| Untracked 
| 171|0x000000008ab00000, 0x000000008ab00000, 0x000000008ac00000|  0%| F|  |TAMS 0x000000008ab00000, 0x000000008ab00000| Untracked 
| 172|0x000000008ac00000, 0x000000008ac00000, 0x000000008ad00000|  0%| F|  |TAMS 0x000000008ac00000, 0x000000008ac00000| Untracked 
| 173|0x000000008ad00000, 0x000000008ad00000, 0x000000008ae00000|  0%| F|  |TAMS 0x000000008ad00000, 0x000000008ad00000| Untracked 
| 174|0x000000008ae00000, 0x000000008ae00000, 0x000000008af00000|  0%| F|  |TAMS 0x000000008ae00000, 0x000000008ae00000| Untracked 
| 175|0x000000008af00000, 0x000000008af00000, 0x000000008b000000|  0%| F|  |TAMS 0x000000008af00000, 0x000000008af00000| Untracked 
| 176|0x000000008b000000, 0x000000008b000000, 0x000000008b100000|  0%| F|  |TAMS 0x000000008b000000, 0x000000008b000000| Untracked 
| 177|0x000000008b100000, 0x000000008b100000, 0x000000008b200000|  0%| F|  |TAMS 0x000000008b100000, 0x000000008b100000| Untracked 
| 178|0x000000008b200000, 0x000000008b200000, 0x000000008b300000|  0%| F|  |TAMS 0x000000008b200000, 0x000000008b200000| Untracked 
| 179|0x000000008b300000, 0x000000008b300000, 0x000000008b400000|  0%| F|  |TAMS 0x000000008b300000, 0x000000008b300000| Untracked 
| 180|0x000000008b400000, 0x000000008b400000, 0x000000008b500000|  0%| F|  |TAMS 0x000000008b400000, 0x000000008b400000| Untracked 
| 181|0x000000008b500000, 0x000000008b500000, 0x000000008b600000|  0%| F|  |TAMS 0x000000008b500000, 0x000000008b500000| Untracked 
| 182|0x000000008b600000, 0x000000008b600000, 0x000000008b700000|  0%| F|  |TAMS 0x000000008b600000, 0x000000008b600000| Untracked 
| 183|0x000000008b700000, 0x000000008b700000, 0x000000008b800000|  0%| F|  |TAMS 0x000000008b700000, 0x000000008b700000| Untracked 
| 184|0x000000008b800000, 0x000000008b800000, 0x000000008b900000|  0%| F|  |TAMS 0x000000008b800000, 0x000000008b800000| Untracked 
| 185|0x000000008b900000, 0x000000008b900000, 0x000000008ba00000|  0%| F|  |TAMS 0x000000008b900000, 0x000000008b900000| Untracked 
| 186|0x000000008ba00000, 0x000000008ba00000, 0x000000008bb00000|  0%| F|  |TAMS 0x000000008ba00000, 0x000000008ba00000| Untracked 
| 187|0x000000008bb00000, 0x000000008bb00000, 0x000000008bc00000|  0%| F|  |TAMS 0x000000008bb00000, 0x000000008bb00000| Untracked 
| 188|0x000000008bc00000, 0x000000008bc00000, 0x000000008bd00000|  0%| F|  |TAMS 0x000000008bc00000, 0x000000008bc00000| Untracked 
| 189|0x000000008bd00000, 0x000000008bd00000, 0x000000008be00000|  0%| F|  |TAMS 0x000000008bd00000, 0x000000008bd00000| Untracked 
| 190|0x000000008be00000, 0x000000008be00000, 0x000000008bf00000|  0%| F|  |TAMS 0x000000008be00000, 0x000000008be00000| Untracked 
| 191|0x000000008bf00000, 0x000000008bf00000, 0x000000008c000000|  0%| F|  |TAMS 0x000000008bf00000, 0x000000008bf00000| Untracked 
| 192|0x000000008c000000, 0x000000008c000000, 0x000000008c100000|  0%| F|  |TAMS 0x000000008c000000, 0x000000008c000000| Untracked 
| 193|0x000000008c100000, 0x000000008c100000, 0x000000008c200000|  0%| F|  |TAMS 0x000000008c100000, 0x000000008c100000| Untracked 
| 194|0x000000008c200000, 0x000000008c200000, 0x000000008c300000|  0%| F|  |TAMS 0x000000008c200000, 0x000000008c200000| Untracked 
| 195|0x000000008c300000, 0x000000008c300000, 0x000000008c400000|  0%| F|  |TAMS 0x000000008c300000, 0x000000008c300000| Untracked 
| 196|0x000000008c400000, 0x000000008c400000, 0x000000008c500000|  0%| F|  |TAMS 0x000000008c400000, 0x000000008c400000| Untracked 
| 197|0x000000008c500000, 0x000000008c500000, 0x000000008c600000|  0%| F|  |TAMS 0x000000008c500000, 0x000000008c500000| Untracked 
| 198|0x000000008c600000, 0x000000008c600000, 0x000000008c700000|  0%| F|  |TAMS 0x000000008c600000, 0x000000008c600000| Untracked 
| 199|0x000000008c700000, 0x000000008c700000, 0x000000008c800000|  0%| F|  |TAMS 0x000000008c700000, 0x000000008c700000| Untracked 
| 200|0x000000008c800000, 0x000000008c800000, 0x000000008c900000|  0%| F|  |TAMS 0x000000008c800000, 0x000000008c800000| Untracked 
| 201|0x000000008c900000, 0x000000008c900000, 0x000000008ca00000|  0%| F|  |TAMS 0x000000008c900000, 0x000000008c900000| Untracked 
| 202|0x000000008ca00000, 0x000000008ca00000, 0x000000008cb00000|  0%| F|  |TAMS 0x000000008ca00000, 0x000000008ca00000| Untracked 
| 203|0x000000008cb00000, 0x000000008cb00000, 0x000000008cc00000|  0%| F|  |TAMS 0x000000008cb00000, 0x000000008cb00000| Untracked 
| 204|0x000000008cc00000, 0x000000008cc00000, 0x000000008cd00000|  0%| F|  |TAMS 0x000000008cc00000, 0x000000008cc00000| Untracked 
| 205|0x000000008cd00000, 0x000000008cd00000, 0x000000008ce00000|  0%| F|  |TAMS 0x000000008cd00000, 0x000000008cd00000| Untracked 
| 206|0x000000008ce00000, 0x000000008ce00000, 0x000000008cf00000|  0%| F|  |TAMS 0x000000008ce00000, 0x000000008ce00000| Untracked 
| 207|0x000000008cf00000, 0x000000008cf00000, 0x000000008d000000|  0%| F|  |TAMS 0x000000008cf00000, 0x000000008cf00000| Untracked 
| 208|0x000000008d000000, 0x000000008d000000, 0x000000008d100000|  0%| F|  |TAMS 0x000000008d000000, 0x000000008d000000| Untracked 
| 209|0x000000008d100000, 0x000000008d100000, 0x000000008d200000|  0%| F|  |TAMS 0x000000008d100000, 0x000000008d100000| Untracked 
| 210|0x000000008d200000, 0x000000008d300000, 0x000000008d300000|100%| E|  |TAMS 0x000000008d200000, 0x000000008d200000| Complete 
| 211|0x000000008d300000, 0x000000008d400000, 0x000000008d400000|100%| E|CS|TAMS 0x000000008d300000, 0x000000008d300000| Complete 
| 212|0x000000008d400000, 0x000000008d500000, 0x000000008d500000|100%| E|CS|TAMS 0x000000008d400000, 0x000000008d400000| Complete 
| 213|0x000000008d500000, 0x000000008d600000, 0x000000008d600000|100%| E|CS|TAMS 0x000000008d500000, 0x000000008d500000| Complete 
| 214|0x000000008d600000, 0x000000008d700000, 0x000000008d700000|100%| E|  |TAMS 0x000000008d600000, 0x000000008d600000| Complete 
| 215|0x000000008d700000, 0x000000008d800000, 0x000000008d800000|100%| E|CS|TAMS 0x000000008d700000, 0x000000008d700000| Complete 
| 216|0x000000008d800000, 0x000000008d900000, 0x000000008d900000|100%| E|CS|TAMS 0x000000008d800000, 0x000000008d800000| Complete 
| 217|0x000000008d900000, 0x000000008da00000, 0x000000008da00000|100%| E|CS|TAMS 0x000000008d900000, 0x000000008d900000| Complete 
| 218|0x000000008da00000, 0x000000008db00000, 0x000000008db00000|100%| E|CS|TAMS 0x000000008da00000, 0x000000008da00000| Complete 
| 219|0x000000008db00000, 0x000000008dc00000, 0x000000008dc00000|100%| E|CS|TAMS 0x000000008db00000, 0x000000008db00000| Complete 
| 220|0x000000008dc00000, 0x000000008dd00000, 0x000000008dd00000|100%| E|CS|TAMS 0x000000008dc00000, 0x000000008dc00000| Complete 
| 221|0x000000008dd00000, 0x000000008de00000, 0x000000008de00000|100%| E|CS|TAMS 0x000000008dd00000, 0x000000008dd00000| Complete 
| 222|0x000000008de00000, 0x000000008df00000, 0x000000008df00000|100%| E|CS|TAMS 0x000000008de00000, 0x000000008de00000| Complete 
| 223|0x000000008df00000, 0x000000008e000000, 0x000000008e000000|100%| E|CS|TAMS 0x000000008df00000, 0x000000008df00000| Complete 
| 224|0x000000008e000000, 0x000000008e100000, 0x000000008e100000|100%| E|CS|TAMS 0x000000008e000000, 0x000000008e000000| Complete 
| 225|0x000000008e100000, 0x000000008e200000, 0x000000008e200000|100%| E|CS|TAMS 0x000000008e100000, 0x000000008e100000| Complete 
| 226|0x000000008e200000, 0x000000008e300000, 0x000000008e300000|100%| E|CS|TAMS 0x000000008e200000, 0x000000008e200000| Complete 
| 227|0x000000008e300000, 0x000000008e400000, 0x000000008e400000|100%| E|CS|TAMS 0x000000008e300000, 0x000000008e300000| Complete 
| 228|0x000000008e400000, 0x000000008e500000, 0x000000008e500000|100%| E|CS|TAMS 0x000000008e400000, 0x000000008e400000| Complete 
| 229|0x000000008e500000, 0x000000008e600000, 0x000000008e600000|100%| E|CS|TAMS 0x000000008e500000, 0x000000008e500000| Complete 
| 230|0x000000008e600000, 0x000000008e700000, 0x000000008e700000|100%| E|CS|TAMS 0x000000008e600000, 0x000000008e600000| Complete 
| 231|0x000000008e700000, 0x000000008e800000, 0x000000008e800000|100%| E|CS|TAMS 0x000000008e700000, 0x000000008e700000| Complete 
| 232|0x000000008e800000, 0x000000008e900000, 0x000000008e900000|100%| E|CS|TAMS 0x000000008e800000, 0x000000008e800000| Complete 
| 233|0x000000008e900000, 0x000000008ea00000, 0x000000008ea00000|100%| E|CS|TAMS 0x000000008e900000, 0x000000008e900000| Complete 
| 234|0x000000008ea00000, 0x000000008eb00000, 0x000000008eb00000|100%| E|CS|TAMS 0x000000008ea00000, 0x000000008ea00000| Complete 
| 235|0x000000008eb00000, 0x000000008ec00000, 0x000000008ec00000|100%| E|CS|TAMS 0x000000008eb00000, 0x000000008eb00000| Complete 
| 236|0x000000008ec00000, 0x000000008ed00000, 0x000000008ed00000|100%| E|CS|TAMS 0x000000008ec00000, 0x000000008ec00000| Complete 
| 237|0x000000008ed00000, 0x000000008ee00000, 0x000000008ee00000|100%| E|CS|TAMS 0x000000008ed00000, 0x000000008ed00000| Complete 
| 238|0x000000008ee00000, 0x000000008ef00000, 0x000000008ef00000|100%| E|CS|TAMS 0x000000008ee00000, 0x000000008ee00000| Complete 
| 239|0x000000008ef00000, 0x000000008f000000, 0x000000008f000000|100%| E|CS|TAMS 0x000000008ef00000, 0x000000008ef00000| Complete 
| 240|0x000000008f000000, 0x000000008f100000, 0x000000008f100000|100%| E|CS|TAMS 0x000000008f000000, 0x000000008f000000| Complete 
| 241|0x000000008f100000, 0x000000008f200000, 0x000000008f200000|100%| E|CS|TAMS 0x000000008f100000, 0x000000008f100000| Complete 
| 242|0x000000008f200000, 0x000000008f300000, 0x000000008f300000|100%| E|CS|TAMS 0x000000008f200000, 0x000000008f200000| Complete 
| 243|0x000000008f300000, 0x000000008f400000, 0x000000008f400000|100%| E|CS|TAMS 0x000000008f300000, 0x000000008f300000| Complete 
| 244|0x000000008f400000, 0x000000008f500000, 0x000000008f500000|100%| E|CS|TAMS 0x000000008f400000, 0x000000008f400000| Complete 
| 245|0x000000008f500000, 0x000000008f600000, 0x000000008f600000|100%| E|CS|TAMS 0x000000008f500000, 0x000000008f500000| Complete 
| 246|0x000000008f600000, 0x000000008f700000, 0x000000008f700000|100%| E|CS|TAMS 0x000000008f600000, 0x000000008f600000| Complete 
| 247|0x000000008f700000, 0x000000008f800000, 0x000000008f800000|100%| E|CS|TAMS 0x000000008f700000, 0x000000008f700000| Complete 
| 248|0x000000008f800000, 0x000000008f900000, 0x000000008f900000|100%| E|CS|TAMS 0x000000008f800000, 0x000000008f800000| Complete 
| 249|0x000000008f900000, 0x000000008fa00000, 0x000000008fa00000|100%| E|CS|TAMS 0x000000008f900000, 0x000000008f900000| Complete 
| 250|0x000000008fa00000, 0x000000008fb00000, 0x000000008fb00000|100%| E|CS|TAMS 0x000000008fa00000, 0x000000008fa00000| Complete 
| 251|0x000000008fb00000, 0x000000008fc00000, 0x000000008fc00000|100%| E|CS|TAMS 0x000000008fb00000, 0x000000008fb00000| Complete 
| 252|0x000000008fc00000, 0x000000008fd00000, 0x000000008fd00000|100%| E|CS|TAMS 0x000000008fc00000, 0x000000008fc00000| Complete 
| 253|0x000000008fd00000, 0x000000008fe00000, 0x000000008fe00000|100%| E|CS|TAMS 0x000000008fd00000, 0x000000008fd00000| Complete 
| 254|0x000000008fe00000, 0x000000008ff00000, 0x000000008ff00000|100%| E|CS|TAMS 0x000000008fe00000, 0x000000008fe00000| Complete 
| 255|0x000000008ff00000, 0x0000000090000000, 0x0000000090000000|100%| E|CS|TAMS 0x000000008ff00000, 0x000000008ff00000| Complete 
| 256|0x0000000090000000, 0x0000000090100000, 0x0000000090100000|100%| E|CS|TAMS 0x0000000090000000, 0x0000000090000000| Complete 
| 257|0x0000000090100000, 0x0000000090200000, 0x0000000090200000|100%| E|CS|TAMS 0x0000000090100000, 0x0000000090100000| Complete 
| 258|0x0000000090200000, 0x0000000090300000, 0x0000000090300000|100%| E|CS|TAMS 0x0000000090200000, 0x0000000090200000| Complete 
| 259|0x0000000090300000, 0x0000000090400000, 0x0000000090400000|100%| E|CS|TAMS 0x0000000090300000, 0x0000000090300000| Complete 
| 260|0x0000000090400000, 0x0000000090500000, 0x0000000090500000|100%| E|CS|TAMS 0x0000000090400000, 0x0000000090400000| Complete 
| 261|0x0000000090500000, 0x0000000090600000, 0x0000000090600000|100%| E|CS|TAMS 0x0000000090500000, 0x0000000090500000| Complete 
| 262|0x0000000090600000, 0x0000000090700000, 0x0000000090700000|100%| E|CS|TAMS 0x0000000090600000, 0x0000000090600000| Complete 
| 263|0x0000000090700000, 0x0000000090800000, 0x0000000090800000|100%| E|CS|TAMS 0x0000000090700000, 0x0000000090700000| Complete 
| 264|0x0000000090800000, 0x0000000090900000, 0x0000000090900000|100%| E|CS|TAMS 0x0000000090800000, 0x0000000090800000| Complete 
| 265|0x0000000090900000, 0x0000000090a00000, 0x0000000090a00000|100%| E|CS|TAMS 0x0000000090900000, 0x0000000090900000| Complete 
| 266|0x0000000090a00000, 0x0000000090b00000, 0x0000000090b00000|100%| E|CS|TAMS 0x0000000090a00000, 0x0000000090a00000| Complete 
| 267|0x0000000090b00000, 0x0000000090c00000, 0x0000000090c00000|100%| E|CS|TAMS 0x0000000090b00000, 0x0000000090b00000| Complete 
| 268|0x0000000090c00000, 0x0000000090d00000, 0x0000000090d00000|100%| E|CS|TAMS 0x0000000090c00000, 0x0000000090c00000| Complete 
| 269|0x0000000090d00000, 0x0000000090e00000, 0x0000000090e00000|100%| E|CS|TAMS 0x0000000090d00000, 0x0000000090d00000| Complete 
| 270|0x0000000090e00000, 0x0000000090f00000, 0x0000000090f00000|100%| E|CS|TAMS 0x0000000090e00000, 0x0000000090e00000| Complete 
| 271|0x0000000090f00000, 0x0000000091000000, 0x0000000091000000|100%| E|CS|TAMS 0x0000000090f00000, 0x0000000090f00000| Complete 
| 272|0x0000000091000000, 0x0000000091100000, 0x0000000091100000|100%| E|CS|TAMS 0x0000000091000000, 0x0000000091000000| Complete 
| 273|0x0000000091100000, 0x0000000091200000, 0x0000000091200000|100%| E|CS|TAMS 0x0000000091100000, 0x0000000091100000| Complete 
| 274|0x0000000091200000, 0x0000000091300000, 0x0000000091300000|100%| E|CS|TAMS 0x0000000091200000, 0x0000000091200000| Complete 
| 275|0x0000000091300000, 0x0000000091400000, 0x0000000091400000|100%| E|CS|TAMS 0x0000000091300000, 0x0000000091300000| Complete 
| 276|0x0000000091400000, 0x0000000091500000, 0x0000000091500000|100%| E|CS|TAMS 0x0000000091400000, 0x0000000091400000| Complete 
| 277|0x0000000091500000, 0x0000000091600000, 0x0000000091600000|100%| E|CS|TAMS 0x0000000091500000, 0x0000000091500000| Complete 
| 278|0x0000000091600000, 0x0000000091700000, 0x0000000091700000|100%| E|CS|TAMS 0x0000000091600000, 0x0000000091600000| Complete 
| 279|0x0000000091700000, 0x0000000091800000, 0x0000000091800000|100%| E|CS|TAMS 0x0000000091700000, 0x0000000091700000| Complete 
| 280|0x0000000091800000, 0x0000000091900000, 0x0000000091900000|100%| E|CS|TAMS 0x0000000091800000, 0x0000000091800000| Complete 
| 281|0x0000000091900000, 0x0000000091a00000, 0x0000000091a00000|100%| E|CS|TAMS 0x0000000091900000, 0x0000000091900000| Complete 
| 282|0x0000000091a00000, 0x0000000091b00000, 0x0000000091b00000|100%| E|CS|TAMS 0x0000000091a00000, 0x0000000091a00000| Complete 
| 283|0x0000000091b00000, 0x0000000091c00000, 0x0000000091c00000|100%| E|CS|TAMS 0x0000000091b00000, 0x0000000091b00000| Complete 
| 284|0x0000000091c00000, 0x0000000091d00000, 0x0000000091d00000|100%| E|CS|TAMS 0x0000000091c00000, 0x0000000091c00000| Complete 
| 285|0x0000000091d00000, 0x0000000091e00000, 0x0000000091e00000|100%| E|CS|TAMS 0x0000000091d00000, 0x0000000091d00000| Complete 
| 286|0x0000000091e00000, 0x0000000091f00000, 0x0000000091f00000|100%| E|CS|TAMS 0x0000000091e00000, 0x0000000091e00000| Complete 
| 287|0x0000000091f00000, 0x0000000092000000, 0x0000000092000000|100%| E|CS|TAMS 0x0000000091f00000, 0x0000000091f00000| Complete 
| 288|0x0000000092000000, 0x0000000092100000, 0x0000000092100000|100%| E|CS|TAMS 0x0000000092000000, 0x0000000092000000| Complete 
| 289|0x0000000092100000, 0x0000000092200000, 0x0000000092200000|100%| E|CS|TAMS 0x0000000092100000, 0x0000000092100000| Complete 
| 290|0x0000000092200000, 0x0000000092300000, 0x0000000092300000|100%| E|CS|TAMS 0x0000000092200000, 0x0000000092200000| Complete 
| 291|0x0000000092300000, 0x0000000092400000, 0x0000000092400000|100%| E|CS|TAMS 0x0000000092300000, 0x0000000092300000| Complete 
| 292|0x0000000092400000, 0x0000000092500000, 0x0000000092500000|100%| E|CS|TAMS 0x0000000092400000, 0x0000000092400000| Complete 
| 293|0x0000000092500000, 0x0000000092600000, 0x0000000092600000|100%| E|CS|TAMS 0x0000000092500000, 0x0000000092500000| Complete 
| 294|0x0000000092600000, 0x0000000092700000, 0x0000000092700000|100%| E|CS|TAMS 0x0000000092600000, 0x0000000092600000| Complete 
| 295|0x0000000092700000, 0x0000000092800000, 0x0000000092800000|100%| E|CS|TAMS 0x0000000092700000, 0x0000000092700000| Complete 
| 296|0x0000000092800000, 0x0000000092900000, 0x0000000092900000|100%| E|CS|TAMS 0x0000000092800000, 0x0000000092800000| Complete 
| 297|0x0000000092900000, 0x0000000092a00000, 0x0000000092a00000|100%| E|CS|TAMS 0x0000000092900000, 0x0000000092900000| Complete 
| 298|0x0000000092a00000, 0x0000000092b00000, 0x0000000092b00000|100%| E|CS|TAMS 0x0000000092a00000, 0x0000000092a00000| Complete 
| 299|0x0000000092b00000, 0x0000000092c00000, 0x0000000092c00000|100%| E|CS|TAMS 0x0000000092b00000, 0x0000000092b00000| Complete 
| 300|0x0000000092c00000, 0x0000000092d00000, 0x0000000092d00000|100%| E|CS|TAMS 0x0000000092c00000, 0x0000000092c00000| Complete 
| 301|0x0000000092d00000, 0x0000000092e00000, 0x0000000092e00000|100%| E|CS|TAMS 0x0000000092d00000, 0x0000000092d00000| Complete 
| 302|0x0000000092e00000, 0x0000000092f00000, 0x0000000092f00000|100%| E|CS|TAMS 0x0000000092e00000, 0x0000000092e00000| Complete 
| 303|0x0000000092f00000, 0x0000000093000000, 0x0000000093000000|100%| E|CS|TAMS 0x0000000092f00000, 0x0000000092f00000| Complete 
| 304|0x0000000093000000, 0x0000000093100000, 0x0000000093100000|100%| E|CS|TAMS 0x0000000093000000, 0x0000000093000000| Complete 
| 305|0x0000000093100000, 0x0000000093200000, 0x0000000093200000|100%| E|CS|TAMS 0x0000000093100000, 0x0000000093100000| Complete 
| 306|0x0000000093200000, 0x0000000093300000, 0x0000000093300000|100%| E|CS|TAMS 0x0000000093200000, 0x0000000093200000| Complete 
| 307|0x0000000093300000, 0x0000000093400000, 0x0000000093400000|100%| E|CS|TAMS 0x0000000093300000, 0x0000000093300000| Complete 
| 308|0x0000000093400000, 0x0000000093500000, 0x0000000093500000|100%| E|CS|TAMS 0x0000000093400000, 0x0000000093400000| Complete 
| 309|0x0000000093500000, 0x0000000093600000, 0x0000000093600000|100%| E|CS|TAMS 0x0000000093500000, 0x0000000093500000| Complete 
| 310|0x0000000093600000, 0x0000000093700000, 0x0000000093700000|100%| E|CS|TAMS 0x0000000093600000, 0x0000000093600000| Complete 
| 311|0x0000000093700000, 0x0000000093800000, 0x0000000093800000|100%| E|CS|TAMS 0x0000000093700000, 0x0000000093700000| Complete 
| 312|0x0000000093800000, 0x0000000093900000, 0x0000000093900000|100%| E|CS|TAMS 0x0000000093800000, 0x0000000093800000| Complete 
| 313|0x0000000093900000, 0x0000000093a00000, 0x0000000093a00000|100%| E|CS|TAMS 0x0000000093900000, 0x0000000093900000| Complete 
| 314|0x0000000093a00000, 0x0000000093b00000, 0x0000000093b00000|100%| E|CS|TAMS 0x0000000093a00000, 0x0000000093a00000| Complete 
| 315|0x0000000093b00000, 0x0000000093c00000, 0x0000000093c00000|100%| E|CS|TAMS 0x0000000093b00000, 0x0000000093b00000| Complete 
| 316|0x0000000093c00000, 0x0000000093d00000, 0x0000000093d00000|100%| E|CS|TAMS 0x0000000093c00000, 0x0000000093c00000| Complete 
| 317|0x0000000093d00000, 0x0000000093e00000, 0x0000000093e00000|100%| E|CS|TAMS 0x0000000093d00000, 0x0000000093d00000| Complete 
| 318|0x0000000093e00000, 0x0000000093f00000, 0x0000000093f00000|100%| E|CS|TAMS 0x0000000093e00000, 0x0000000093e00000| Complete 
| 319|0x0000000093f00000, 0x0000000094000000, 0x0000000094000000|100%| E|CS|TAMS 0x0000000093f00000, 0x0000000093f00000| Complete 

Card table byte_map: [0x0000025877e10000,0x0000025878210000] _byte_map_base: 0x0000025877a10000

Marking Bits (Prev, Next): (CMBitMap*) 0x0000025864f5f270, (CMBitMap*) 0x0000025864f5f230
 Prev Bits: [0x000002587a610000, 0x000002587c610000)
 Next Bits: [0x0000025878610000, 0x000002587a610000)

Polling page: 0x0000025864fb0000

Metaspace:

Usage:
  Non-class:     77.76 MB used.
      Class:     11.92 MB used.
       Both:     89.67 MB used.

Virtual space:
  Non-class space:       80.00 MB reserved,      78.12 MB ( 98%) committed,  10 nodes.
      Class space:        1.00 GB reserved,      12.25 MB (  1%) committed,  1 nodes.
             Both:        1.08 GB reserved,      90.38 MB (  8%) committed. 

Chunk freelists:
   Non-Class:  1.88 MB
       Class:  3.58 MB
        Both:  5.45 MB

MaxMetaspaceSize: unlimited
CompressedClassSpaceSize: 1.00 GB
Initial GC threshold: 21.00 MB
Current GC threshold: 125.31 MB
CDS: off
MetaspaceReclaimPolicy: balanced
 - commit_granule_bytes: 65536.
 - commit_granule_words: 8192.
 - virtual_space_node_default_size: 1048576.
 - enlarge_chunks_in_place: 1.
 - new_chunks_are_fully_committed: 0.
 - uncommit_free_chunks: 1.
 - use_allocation_guard: 0.
 - handle_deallocations: 1.


Internal statistics:

num_allocs_failed_limit: 3.
num_arena_births: 864.
num_arena_deaths: 0.
num_vsnodes_births: 11.
num_vsnodes_deaths: 0.
num_space_committed: 1447.
num_space_uncommitted: 0.
num_chunks_returned_to_freelist: 3.
num_chunks_taken_from_freelist: 4110.
num_chunk_merges: 3.
num_chunk_splits: 2712.
num_chunks_enlarged: 1807.
num_purges: 0.
num_inconsistent_stats: 0.

CodeHeap 'non-profiled nmethods': size=120000Kb used=4509Kb max_used=4509Kb free=115490Kb
 bounds [0x000002586feb0000, 0x0000025870320000, 0x00000258773e0000]
CodeHeap 'profiled nmethods': size=120000Kb used=17213Kb max_used=17213Kb free=102786Kb
 bounds [0x00000258683e0000, 0x00000258694b0000, 0x000002586f910000]
CodeHeap 'non-nmethods': size=5760Kb used=2410Kb max_used=2450Kb free=3349Kb
 bounds [0x000002586f910000, 0x000002586fb90000, 0x000002586feb0000]
 total_blobs=9397 nmethods=8449 adapters=860
 compilation: enabled
              stopped_count=0, restarted_count=0
 full_count=0

Compilation events (20 events):
Event: 51.225 Thread 0x000002587f80ab00 9312       3       com.amazon.ion.impl.bin.IonRawBinaryWriter$PatchPoint::<init> (27 bytes)
Event: 51.226 Thread 0x000002587f80ab00 nmethod 9312 0x0000025869496190 code [0x0000025869496320, 0x0000025869496498]
Event: 51.226 Thread 0x000002587f80ab00 9313       3       com.amazon.ion.impl.bin.IonRawBinaryWriter$PatchList$Node::<init> (10 bytes)
Event: 51.226 Thread 0x000002587f80ab00 nmethod 9313 0x0000025869496590 code [0x0000025869496720, 0x00000258694968d8]
Event: 51.226 Thread 0x000002587f80ab00 9314       3       com.amazon.ion.impl.bin.IonRawBinaryWriter$PatchList$1::next (5 bytes)
Event: 51.226 Thread 0x000002587f80ab00 nmethod 9314 0x0000025869496990 code [0x0000025869496b40, 0x0000025869496c88]
Event: 51.226 Thread 0x000002587f80ab00 9315       3       com.amazon.ion.impl.bin.IonRawBinaryWriter$PatchList$1::next (36 bytes)
Event: 51.226 Thread 0x000002587f80ab00 nmethod 9315 0x0000025869496d10 code [0x0000025869496ec0, 0x0000025869497208]
Event: 51.226 Thread 0x000002587f80ab00 9309       1       org.gradle.launcher.daemon.protocol.OutputMessage::getEvent (5 bytes)
Event: 51.226 Thread 0x000002587f80ab00 nmethod 9309 0x0000025870316510 code [0x00000258703166a0, 0x0000025870316778]
Event: 51.248 Thread 0x000002587f80ab00 9316       1       org.gradle.internal.resource.UriTextResource::access$100 (5 bytes)
Event: 51.248 Thread 0x000002587f80ab00 nmethod 9316 0x0000025870316810 code [0x00000258703169a0, 0x0000025870316a58]
Event: 51.249 Thread 0x000002587f80ab00 9317       3       org.gradle.api.internal.DefaultDomainObjectCollection::iterator (18 bytes)
Event: 51.250 Thread 0x000002587f80ab00 nmethod 9317 0x0000025869497390 code [0x0000025869497540, 0x00000258694978e8]
Event: 51.257 Thread 0x000002587f80ab00 9318       3       org.gradle.tooling.internal.adapter.ProtocolToModelAdapter$DefaultViewBuilder::mixInTo (21 bytes)
Event: 51.258 Thread 0x000002587f80ab00 nmethod 9318 0x0000025869497a90 code [0x0000025869497c60, 0x0000025869498068]
Event: 51.258 Thread 0x000002587f80ab00 9319       3       org.gradle.tooling.internal.adapter.ProtocolToModelAdapter$MixInTypeMappingAction::<init> (11 bytes)
Event: 51.258 Thread 0x000002587f80ab00 nmethod 9319 0x0000025869498210 code [0x00000258694983c0, 0x0000025869498638]
Event: 51.263 Thread 0x000002587f80ab00 9320       3       java.io.ObjectStreamClass::getSuperDesc (9 bytes)
Event: 51.263 Thread 0x000002587f80ab00 nmethod 9320 0x0000025869498710 code [0x00000258694988c0, 0x0000025869498b48]

GC Heap History (20 events):
Event: 36.907 GC heap before
{Heap before GC invocations=35 (full 0):
 garbage-first heap   total 138240K, used 109468K [0x0000000080000000, 0x0000000100000000)
  region size 1024K, 22 young (22528K), 1 survivors (1024K)
 Metaspace       used 67958K, committed 68544K, reserved 1114112K
  class space    used 8921K, committed 9152K, reserved 1048576K
}
Event: 36.911 GC heap after
{Heap after GC invocations=36 (full 0):
 garbage-first heap   total 138240K, used 88549K [0x0000000080000000, 0x0000000100000000)
  region size 1024K, 1 young (1024K), 1 survivors (1024K)
 Metaspace       used 67958K, committed 68544K, reserved 1114112K
  class space    used 8921K, committed 9152K, reserved 1048576K
}
Event: 38.856 GC heap before
{Heap before GC invocations=37 (full 0):
 garbage-first heap   total 150528K, used 111077K [0x0000000080000000, 0x0000000100000000)
  region size 1024K, 23 young (23552K), 1 survivors (1024K)
 Metaspace       used 71678K, committed 72256K, reserved 1114112K
  class space    used 9440K, committed 9664K, reserved 1048576K
}
Event: 38.863 GC heap after
{Heap after GC invocations=38 (full 0):
 garbage-first heap   total 150528K, used 90010K [0x0000000080000000, 0x0000000100000000)
  region size 1024K, 3 young (3072K), 3 survivors (3072K)
 Metaspace       used 71678K, committed 72256K, reserved 1114112K
  class space    used 9440K, committed 9664K, reserved 1048576K
}
Event: 38.985 GC heap before
{Heap before GC invocations=38 (full 0):
 garbage-first heap   total 150528K, used 93082K [0x0000000080000000, 0x0000000100000000)
  region size 1024K, 7 young (7168K), 3 survivors (3072K)
 Metaspace       used 71996K, committed 72576K, reserved 1114112K
  class space    used 9482K, committed 9728K, reserved 1048576K
}
Event: 38.992 GC heap after
{Heap after GC invocations=39 (full 0):
 garbage-first heap   total 150528K, used 90415K [0x0000000080000000, 0x0000000100000000)
  region size 1024K, 1 young (1024K), 1 survivors (1024K)
 Metaspace       used 71996K, committed 72576K, reserved 1114112K
  class space    used 9482K, committed 9728K, reserved 1048576K
}
Event: 38.995 GC heap before
{Heap before GC invocations=39 (full 0):
 garbage-first heap   total 150528K, used 90415K [0x0000000080000000, 0x0000000100000000)
  region size 1024K, 2 young (2048K), 1 survivors (1024K)
 Metaspace       used 71996K, committed 72576K, reserved 1114112K
  class space    used 9482K, committed 9728K, reserved 1048576K
}
Event: 38.997 GC heap after
{Heap after GC invocations=40 (full 0):
 garbage-first heap   total 150528K, used 90757K [0x0000000080000000, 0x0000000100000000)
  region size 1024K, 2 young (2048K), 2 survivors (2048K)
 Metaspace       used 71996K, committed 72576K, reserved 1114112K
  class space    used 9482K, committed 9728K, reserved 1048576K
}
Event: 43.178 GC heap before
{Heap before GC invocations=41 (full 0):
 garbage-first heap   total 158720K, used 121477K [0x0000000080000000, 0x0000000100000000)
  region size 1024K, 27 young (27648K), 2 survivors (2048K)
 Metaspace       used 73599K, committed 74240K, reserved 1114112K
  class space    used 9705K, committed 9984K, reserved 1048576K
}
Event: 43.185 GC heap after
{Heap after GC invocations=42 (full 0):
 garbage-first heap   total 158720K, used 93163K [0x0000000080000000, 0x0000000100000000)
  region size 1024K, 4 young (4096K), 4 survivors (4096K)
 Metaspace       used 73599K, committed 74240K, reserved 1114112K
  class space    used 9705K, committed 9984K, reserved 1048576K
}
Event: 43.255 GC heap before
{Heap before GC invocations=42 (full 0):
 garbage-first heap   total 158720K, used 96235K [0x0000000080000000, 0x0000000100000000)
  region size 1024K, 7 young (7168K), 4 survivors (4096K)
 Metaspace       used 73851K, committed 74496K, reserved 1114112K
  class space    used 9736K, committed 9984K, reserved 1048576K
}
Event: 43.265 GC heap after
{Heap after GC invocations=43 (full 0):
 garbage-first heap   total 158720K, used 93813K [0x0000000080000000, 0x0000000100000000)
  region size 1024K, 1 young (1024K), 1 survivors (1024K)
 Metaspace       used 73851K, committed 74496K, reserved 1114112K
  class space    used 9736K, committed 9984K, reserved 1048576K
}
Event: 44.380 GC heap before
{Heap before GC invocations=43 (full 0):
 garbage-first heap   total 158720K, used 122485K [0x0000000080000000, 0x0000000100000000)
  region size 1024K, 29 young (29696K), 1 survivors (1024K)
 Metaspace       used 76231K, committed 76864K, reserved 1122304K
  class space    used 10023K, committed 10304K, reserved 1048576K
}
Event: 44.387 GC heap after
{Heap after GC invocations=44 (full 0):
 garbage-first heap   total 158720K, used 95133K [0x0000000080000000, 0x0000000100000000)
  region size 1024K, 2 young (2048K), 2 survivors (2048K)
 Metaspace       used 76231K, committed 76864K, reserved 1122304K
  class space    used 10023K, committed 10304K, reserved 1048576K
}
Event: 46.164 GC heap before
{Heap before GC invocations=45 (full 0):
 garbage-first heap   total 163840K, used 124829K [0x0000000080000000, 0x0000000100000000)
  region size 1024K, 31 young (31744K), 2 survivors (2048K)
 Metaspace       used 76610K, committed 77248K, reserved 1122304K
  class space    used 10097K, committed 10368K, reserved 1048576K
}
Event: 46.172 GC heap after
{Heap after GC invocations=46 (full 0):
 garbage-first heap   total 163840K, used 97524K [0x0000000080000000, 0x0000000100000000)
  region size 1024K, 4 young (4096K), 4 survivors (4096K)
 Metaspace       used 76610K, committed 77248K, reserved 1122304K
  class space    used 10097K, committed 10368K, reserved 1048576K
}
Event: 46.306 GC heap before
{Heap before GC invocations=46 (full 0):
 garbage-first heap   total 163840K, used 101620K [0x0000000080000000, 0x0000000100000000)
  region size 1024K, 8 young (8192K), 4 survivors (4096K)
 Metaspace       used 76610K, committed 77248K, reserved 1122304K
  class space    used 10097K, committed 10368K, reserved 1048576K
}
Event: 46.334 GC heap after
{Heap after GC invocations=47 (full 0):
 garbage-first heap   total 163840K, used 97854K [0x0000000080000000, 0x0000000100000000)
  region size 1024K, 1 young (1024K), 1 survivors (1024K)
 Metaspace       used 76610K, committed 77248K, reserved 1122304K
  class space    used 10097K, committed 10368K, reserved 1048576K
}
Event: 47.135 GC heap before
{Heap before GC invocations=47 (full 0):
 garbage-first heap   total 163840K, used 130622K [0x0000000080000000, 0x0000000100000000)
  region size 1024K, 33 young (33792K), 1 survivors (1024K)
 Metaspace       used 80270K, committed 80960K, reserved 1122304K
  class space    used 10665K, committed 10944K, reserved 1048576K
}
Event: 47.145 GC heap after
{Heap after GC invocations=48 (full 0):
 garbage-first heap   total 327680K, used 99605K [0x0000000080000000, 0x0000000100000000)
  region size 1024K, 3 young (3072K), 3 survivors (3072K)
 Metaspace       used 80270K, committed 80960K, reserved 1122304K
  class space    used 10665K, committed 10944K, reserved 1048576K
}

Dll operation events (2 events):
Event: 0.076 Loaded shared library C:\Program Files\Android\Android Studio\jbr\bin\java.dll
Event: 3.706 Loaded shared library C:\Program Files\Android\Android Studio\jbr\bin\verify.dll

Deoptimization events (20 events):
Event: 51.056 Thread 0x00000258012209c0 Uncommon trap: trap_request=0xffffffde fr.pc=0x00000258702e8adc relative=0x000000000000005c
Event: 51.056 Thread 0x00000258012209c0 Uncommon trap: reason=class_check action=maybe_recompile pc=0x00000258702e8adc method=groovy.lang.MetaMethod.isStatic()Z @ 1 c2
Event: 51.056 Thread 0x00000258012209c0 DEOPT PACKING pc=0x00000258702e8adc sp=0x000000ad268f9f20
Event: 51.056 Thread 0x00000258012209c0 DEOPT UNPACKING pc=0x000002586f9669a3 sp=0x000000ad268f9ea8 mode 2
Event: 51.058 Thread 0x00000258012209c0 Uncommon trap: trap_request=0xffffffde fr.pc=0x00000258702e8adc relative=0x000000000000005c
Event: 51.058 Thread 0x00000258012209c0 Uncommon trap: reason=class_check action=maybe_recompile pc=0x00000258702e8adc method=groovy.lang.MetaMethod.isStatic()Z @ 1 c2
Event: 51.058 Thread 0x00000258012209c0 DEOPT PACKING pc=0x00000258702e8adc sp=0x000000ad268f9f20
Event: 51.058 Thread 0x00000258012209c0 DEOPT UNPACKING pc=0x000002586f9669a3 sp=0x000000ad268f9ea8 mode 2
Event: 51.267 Thread 0x00000258012209c0 Uncommon trap: trap_request=0xffffffde fr.pc=0x00000258700cf8c0 relative=0x0000000000000360
Event: 51.267 Thread 0x00000258012209c0 Uncommon trap: reason=class_check action=maybe_recompile pc=0x00000258700cf8c0 method=java.util.stream.AbstractPipeline.copyIntoWithCancel(Ljava/util/stream/Sink;Ljava/util/Spliterator;)Z @ 32 c2
Event: 51.267 Thread 0x00000258012209c0 DEOPT PACKING pc=0x00000258700cf8c0 sp=0x000000ad268fb710
Event: 51.267 Thread 0x00000258012209c0 DEOPT UNPACKING pc=0x000002586f9669a3 sp=0x000000ad268fb5d0 mode 2
Event: 51.267 Thread 0x00000258012209c0 Uncommon trap: trap_request=0xffffffde fr.pc=0x00000258700cf8c0 relative=0x0000000000000360
Event: 51.267 Thread 0x00000258012209c0 Uncommon trap: reason=class_check action=maybe_recompile pc=0x00000258700cf8c0 method=java.util.stream.AbstractPipeline.copyIntoWithCancel(Ljava/util/stream/Sink;Ljava/util/Spliterator;)Z @ 32 c2
Event: 51.267 Thread 0x00000258012209c0 DEOPT PACKING pc=0x00000258700cf8c0 sp=0x000000ad268fb710
Event: 51.267 Thread 0x00000258012209c0 DEOPT UNPACKING pc=0x000002586f9669a3 sp=0x000000ad268fb5d0 mode 2
Event: 51.267 Thread 0x00000258012209c0 Uncommon trap: trap_request=0xffffffde fr.pc=0x00000258700cf8c0 relative=0x0000000000000360
Event: 51.267 Thread 0x00000258012209c0 Uncommon trap: reason=class_check action=maybe_recompile pc=0x00000258700cf8c0 method=java.util.stream.AbstractPipeline.copyIntoWithCancel(Ljava/util/stream/Sink;Ljava/util/Spliterator;)Z @ 32 c2
Event: 51.267 Thread 0x00000258012209c0 DEOPT PACKING pc=0x00000258700cf8c0 sp=0x000000ad268fb710
Event: 51.267 Thread 0x00000258012209c0 DEOPT UNPACKING pc=0x000002586f9669a3 sp=0x000000ad268fb5d0 mode 2

Classes unloaded (0 events):
No events

Classes redefined (0 events):
No events

Internal exceptions (20 events):
Event: 51.085 Thread 0x00000258012209c0 Exception <a 'java/lang/ClassNotFoundException'{0x000000008e097f98}: org/gradle/internal/extensibility/ExtensionsStorage$ExtensionHolderBeanInfo> (0x000000008e097f98) 
thrown [s\src\hotspot\share\classfile\systemDictionary.cpp, line 256]
Event: 51.085 Thread 0x00000258012209c0 Exception <a 'java/lang/ClassNotFoundException'{0x000000008e0a03f0}: org/gradle/internal/extensibility/ExtensionsStorage$ExtensionHolderCustomizer> (0x000000008e0a03f0) 
thrown [s\src\hotspot\share\classfile\systemDictionary.cpp, line 256]
Event: 51.117 Thread 0x00000258012209c0 Exception <a 'java/lang/ClassNotFoundException'{0x000000008e0fd8f8}: org/gradle/internal/service/scopes/ProjectScopeServicesBeanInfo> (0x000000008e0fd8f8) 
thrown [s\src\hotspot\share\classfile\systemDictionary.cpp, line 256]
Event: 51.117 Thread 0x00000258012209c0 Exception <a 'java/lang/ClassNotFoundException'{0x000000008df90f80}: org/gradle/internal/service/scopes/ProjectScopeServicesCustomizer> (0x000000008df90f80) 
thrown [s\src\hotspot\share\classfile\systemDictionary.cpp, line 256]
Event: 51.121 Thread 0x00000258012209c0 Exception <a 'java/lang/ClassNotFoundException'{0x000000008dfac1c0}: org/gradle/api/internal/catalog/DefaultDependenciesAccessorsBeanInfo> (0x000000008dfac1c0) 
thrown [s\src\hotspot\share\classfile\systemDictionary.cpp, line 256]
Event: 51.122 Thread 0x00000258012209c0 Exception <a 'java/lang/ClassNotFoundException'{0x000000008dfb6180}: org/gradle/api/internal/catalog/DefaultDependenciesAccessorsCustomizer> (0x000000008dfb6180) 
thrown [s\src\hotspot\share\classfile\systemDictionary.cpp, line 256]
Event: 51.126 Thread 0x00000258012209c0 Exception <a 'java/lang/ClassNotFoundException'{0x000000008dfd7df8}: org/gradle/internal/classpath/DefaultClassPathBeanInfo> (0x000000008dfd7df8) 
thrown [s\src\hotspot\share\classfile\systemDictionary.cpp, line 256]
Event: 51.126 Thread 0x00000258012209c0 Exception <a 'java/lang/ClassNotFoundException'{0x000000008dfdfef8}: org/gradle/internal/classpath/DefaultClassPathCustomizer> (0x000000008dfdfef8) 
thrown [s\src\hotspot\share\classfile\systemDictionary.cpp, line 256]
Event: 51.132 Thread 0x00000258012209c0 Exception <a 'java/lang/ClassNotFoundException'{0x000000008def6028}: org/gradle/internal/classpath/DefaultClassPath$ImmutableUniqueListBeanInfo> (0x000000008def6028) 
thrown [s\src\hotspot\share\classfile\systemDictionary.cpp, line 256]
Event: 51.133 Thread 0x00000258012209c0 Exception <a 'java/lang/ClassNotFoundException'{0x000000008defa5c8}: java/util/AbstractListBeanInfo> (0x000000008defa5c8) 
thrown [s\src\hotspot\share\classfile\systemDictionary.cpp, line 256]
Event: 51.133 Thread 0x00000258012209c0 Exception <a 'java/lang/ClassNotFoundException'{0x000000008defeb40}: java/util/AbstractListCustomizer> (0x000000008defeb40) 
thrown [s\src\hotspot\share\classfile\systemDictionary.cpp, line 256]
Event: 51.134 Thread 0x00000258012209c0 Exception <a 'java/lang/ClassNotFoundException'{0x000000008dd12270}: org/gradle/internal/classpath/DefaultClassPath$ImmutableUniqueListCustomizer> (0x000000008dd12270) 
thrown [s\src\hotspot\share\classfile\systemDictionary.cpp, line 256]
Event: 51.145 Thread 0x00000258012209c0 Exception <a 'java/lang/ClassNotFoundException'{0x000000008dd55268}: org/jetbrains/plugins/gradle/model/DefaultDependencyAccessorsModelBeanInfo> (0x000000008dd55268) 
thrown [s\src\hotspot\share\classfile\systemDictionary.cpp, line 256]
Event: 51.145 Thread 0x00000258012209c0 Exception <a 'java/lang/ClassNotFoundException'{0x000000008dd5d6c0}: org/jetbrains/plugins/gradle/model/DefaultDependencyAccessorsModelCustomizer> (0x000000008dd5d6c0) 
thrown [s\src\hotspot\share\classfile\systemDictionary.cpp, line 256]
Event: 51.155 Thread 0x00000258001f79c0 Exception <a 'java/lang/NoSuchMethodError'{0x000000008df5e688}: static Lorg/jetbrains/plugins/gradle/tooling/internal/VersionCatalogsModelImpl;.<clinit>()V> (0x000000008df5e688) 
thrown [s\src\hotspot\share\prims\jni.cpp, line 1108]
Event: 51.172 Thread 0x00000258012209c0 Exception <a 'java/lang/ClassNotFoundException'{0x000000008db9e9d0}: org/gradle/api/internal/tasks/DefaultSourceSetContainer_DecoratedBeanInfo> (0x000000008db9e9d0) 
thrown [s\src\hotspot\share\classfile\systemDictionary.cpp, line 256]
Event: 51.172 Thread 0x00000258012209c0 Exception <a 'java/lang/ClassNotFoundException'{0x000000008dba8938}: org/gradle/api/internal/tasks/DefaultSourceSetContainerBeanInfo> (0x000000008dba8938) 
thrown [s\src\hotspot\share\classfile\systemDictionary.cpp, line 256]
Event: 51.173 Thread 0x00000258012209c0 Exception <a 'java/lang/ClassNotFoundException'{0x000000008dbb28c0}: org/gradle/api/internal/tasks/DefaultSourceSetContainerCustomizer> (0x000000008dbb28c0) 
thrown [s\src\hotspot\share\classfile\systemDictionary.cpp, line 256]
Event: 51.175 Thread 0x00000258012209c0 Exception <a 'java/lang/ClassNotFoundException'{0x000000008dbc7f78}: org/gradle/api/internal/tasks/DefaultSourceSetContainer_DecoratedCustomizer> (0x000000008dbc7f78) 
thrown [s\src\hotspot\share\classfile\systemDictionary.cpp, line 256]
Event: 51.263 Thread 0x00000258001f79c0 Exception <a 'java/lang/NoSuchMethodError'{0x000000008d9b3120}: static Lorg/jetbrains/plugins/gradle/tooling/serialization/internal/adapter/kotlin/dsl/InternalKotlinDslScriptsModel;.<clinit>()V> (0x000000008d9b3120) 
thrown [s\src\hotspot\share\prims\jni.cpp, line 1108]

VM Operations (20 events):
Event: 48.121 Executing VM operation: ICBufferFull
Event: 48.121 Executing VM operation: ICBufferFull done
Event: 49.132 Executing VM operation: Cleanup
Event: 49.132 Executing VM operation: Cleanup done
Event: 49.521 Executing VM operation: HandshakeAllThreads
Event: 49.522 Executing VM operation: HandshakeAllThreads done
Event: 49.524 Executing VM operation: HandshakeAllThreads
Event: 49.524 Executing VM operation: HandshakeAllThreads done
Event: 49.542 Executing VM operation: HandshakeAllThreads
Event: 49.543 Executing VM operation: HandshakeAllThreads done
Event: 49.555 Executing VM operation: HandshakeAllThreads
Event: 49.555 Executing VM operation: HandshakeAllThreads done
Event: 50.160 Executing VM operation: HandshakeAllThreads
Event: 50.161 Executing VM operation: HandshakeAllThreads done
Event: 50.161 Executing VM operation: Cleanup
Event: 50.163 Executing VM operation: Cleanup done
Event: 50.164 Executing VM operation: HandshakeAllThreads
Event: 50.164 Executing VM operation: HandshakeAllThreads done
Event: 51.173 Executing VM operation: Cleanup
Event: 51.174 Executing VM operation: Cleanup done

Events (20 events):
Event: 51.059 loading class java/lang/NumberBeanInfo
Event: 51.059 loading class java/lang/NumberBeanInfo done
Event: 51.060 loading class java/lang/NumberCustomizer
Event: 51.060 loading class java/lang/NumberCustomizer done
Event: 51.060 loading class java/lang/NumberCustomizer
Event: 51.060 loading class java/lang/NumberCustomizer done
Event: 51.060 loading class java/lang/IntegerCustomizer
Event: 51.060 loading class java/lang/IntegerCustomizer done
Event: 51.061 loading class java/lang/IntegerCustomizer
Event: 51.061 loading class java/lang/IntegerCustomizer done
Event: 51.061 loading class jdk/internal/ValueBased
Event: 51.062 loading class jdk/internal/ValueBased done
Event: 51.132 loading class java/util/AbstractListBeanInfo
Event: 51.132 loading class java/util/AbstractListBeanInfo done
Event: 51.133 loading class java/util/AbstractListBeanInfo
Event: 51.133 loading class java/util/AbstractListBeanInfo done
Event: 51.133 loading class java/util/AbstractListCustomizer
Event: 51.133 loading class java/util/AbstractListCustomizer done
Event: 51.133 loading class java/util/AbstractListCustomizer
Event: 51.133 loading class java/util/AbstractListCustomizer done


Dynamic libraries:
0x00007ff6fb840000 - 0x00007ff6fb84a000 	C:\Program Files\Android\Android Studio\jbr\bin\java.exe
0x00007fff624d0000 - 0x00007fff626c8000 	C:\Windows\SYSTEM32\ntdll.dll
0x00007fff60b30000 - 0x00007fff60bed000 	C:\Windows\System32\KERNEL32.DLL
0x00007fff60000000 - 0x00007fff602f6000 	C:\Windows\System32\KERNELBASE.dll
0x00007fff60300000 - 0x00007fff60400000 	C:\Windows\System32\ucrtbase.dll
0x00007fff51820000 - 0x00007fff51837000 	C:\Program Files\Android\Android Studio\jbr\bin\jli.dll
0x00007fff611e0000 - 0x00007fff6137e000 	C:\Windows\System32\USER32.dll
0x00007fff564f0000 - 0x00007fff5650b000 	C:\Program Files\Android\Android Studio\jbr\bin\VCRUNTIME140.dll
0x00007fff5fd70000 - 0x00007fff5fd92000 	C:\Windows\System32\win32u.dll
0x00007fff621e0000 - 0x00007fff6220c000 	C:\Windows\System32\GDI32.dll
0x00007fff60400000 - 0x00007fff6051a000 	C:\Windows\System32\gdi32full.dll
0x00007fff5fba0000 - 0x00007fff5fc3d000 	C:\Windows\System32\msvcp_win.dll
0x00007fff53d80000 - 0x00007fff5401a000 	C:\Windows\WinSxS\amd64_microsoft.windows.common-controls_6595b64144ccf1df_6.0.19041.3636_none_60b6a03d71f818d5\COMCTL32.dll
0x00007fff60520000 - 0x00007fff605be000 	C:\Windows\System32\msvcrt.dll
0x00007fff60b00000 - 0x00007fff60b30000 	C:\Windows\System32\IMM32.DLL
0x0000000075bb0000 - 0x0000000075bbc000 	C:\Program Files (x86)\360\Total Security\safemon\SafeWrapper.dll
0x00007fff61680000 - 0x00007fff61733000 	C:\Windows\System32\ADVAPI32.dll
0x00007fff622d0000 - 0x00007fff6236f000 	C:\Windows\System32\sechost.dll
0x00007fff60670000 - 0x00007fff60796000 	C:\Windows\System32\RPCRT4.dll
0x00007fff5fc40000 - 0x00007fff5fc67000 	C:\Windows\System32\bcrypt.dll
0x00007fff359d0000 - 0x00007fff35a62000 	C:\Program Files (x86)\360\Total Security\safemon\libzdtp64.dll
0x00007fff61960000 - 0x00007fff620a5000 	C:\Windows\System32\SHELL32.dll
0x00007fff62210000 - 0x00007fff62265000 	C:\Windows\System32\SHLWAPI.dll
0x00007fff5f700000 - 0x00007fff5f70a000 	C:\Windows\SYSTEM32\VERSION.dll
0x00007fff547e0000 - 0x00007fff547ec000 	C:\Program Files\Android\Android Studio\jbr\bin\vcruntime140_1.dll
0x00007fff39890000 - 0x00007fff3991d000 	C:\Program Files\Android\Android Studio\jbr\bin\msvcp140.dll
0x00007ffeff0b0000 - 0x00007ffeffd1e000 	C:\Program Files\Android\Android Studio\jbr\bin\server\jvm.dll
0x00007fff5a1c0000 - 0x00007fff5a1c9000 	C:\Windows\SYSTEM32\WSOCK32.dll
0x00007fff60ca0000 - 0x00007fff60d0b000 	C:\Windows\System32\WS2_32.dll
0x00007fff56620000 - 0x00007fff56647000 	C:\Windows\SYSTEM32\WINMM.dll
0x00007fff5d9e0000 - 0x00007fff5d9f2000 	C:\Windows\SYSTEM32\kernel.appcore.dll
0x00007fff564e0000 - 0x00007fff564ea000 	C:\Program Files\Android\Android Studio\jbr\bin\jimage.dll
0x00007fff589d0000 - 0x00007fff58bb4000 	C:\Windows\SYSTEM32\DBGHELP.DLL
0x00007fff58930000 - 0x00007fff58964000 	C:\Windows\SYSTEM32\dbgcore.DLL
0x00007fff5fda0000 - 0x00007fff5fe22000 	C:\Windows\System32\bcryptPrimitives.dll
0x00007fff52450000 - 0x00007fff52475000 	C:\Program Files\Android\Android Studio\jbr\bin\java.dll
0x00007fff54f90000 - 0x00007fff54fa8000 	C:\Program Files\Android\Android Studio\jbr\bin\zip.dll
0x00007fff5dbe0000 - 0x00007fff5e37b000 	C:\Windows\SYSTEM32\windows.storage.dll
0x00007fff607a0000 - 0x00007fff60af4000 	C:\Windows\System32\combase.dll
0x00007fff5f560000 - 0x00007fff5f58d000 	C:\Windows\SYSTEM32\Wldp.dll
0x00007fff605c0000 - 0x00007fff6066d000 	C:\Windows\System32\SHCORE.dll
0x00007fff5fad0000 - 0x00007fff5faf5000 	C:\Windows\SYSTEM32\profapi.dll
0x00007fff529a0000 - 0x00007fff529b9000 	C:\Program Files\Android\Android Studio\jbr\bin\net.dll
0x00007fff53600000 - 0x00007fff5370a000 	C:\Windows\SYSTEM32\WINHTTP.dll
0x00007fff5f2c0000 - 0x00007fff5f32a000 	C:\Windows\system32\mswsock.dll
0x00007fff52680000 - 0x00007fff52696000 	C:\Program Files\Android\Android Studio\jbr\bin\nio.dll
0x00007fff53ce0000 - 0x00007fff53cf0000 	C:\Program Files\Android\Android Studio\jbr\bin\verify.dll
0x00007fff471f0000 - 0x00007fff47217000 	C:\Users\Hp\.gradle\native\68d5fa5c4cc2d200863cafc0d521ce42e7d3e7ee720ec0a83991735586a16f82\windows-amd64\native-platform.dll
0x00007fff34880000 - 0x00007fff349c4000 	C:\Users\Hp\.gradle\native\e376f236ea51e6404a007f0833ffe2c6e607c4080706a723a18a27aeea778392\windows-amd64\native-platform-file-events.dll
0x00007fff52940000 - 0x00007fff52949000 	C:\Program Files\Android\Android Studio\jbr\bin\management.dll
0x00007fff52240000 - 0x00007fff5224b000 	C:\Program Files\Android\Android Studio\jbr\bin\management_ext.dll
0x00007fff61390000 - 0x00007fff61398000 	C:\Windows\System32\PSAPI.DLL
0x00007fff5f4c0000 - 0x00007fff5f4d8000 	C:\Windows\SYSTEM32\CRYPTSP.dll
0x00007fff5eb80000 - 0x00007fff5ebb4000 	C:\Windows\system32\rsaenh.dll
0x00007fff5fa50000 - 0x00007fff5fa7e000 	C:\Windows\SYSTEM32\USERENV.dll
0x00007fff5f4b0000 - 0x00007fff5f4bc000 	C:\Windows\SYSTEM32\CRYPTBASE.dll
0x00007fff5ef60000 - 0x00007fff5ef9b000 	C:\Windows\SYSTEM32\IPHLPAPI.DLL
0x00007fff61740000 - 0x00007fff61748000 	C:\Windows\System32\NSI.dll
0x00007fff59cf0000 - 0x00007fff59d07000 	C:\Windows\SYSTEM32\dhcpcsvc6.DLL
0x00007fff59b40000 - 0x00007fff59b5d000 	C:\Windows\SYSTEM32\dhcpcsvc.DLL
0x00007fff5efb0000 - 0x00007fff5f07a000 	C:\Windows\SYSTEM32\DNSAPI.dll
0x00007fff52230000 - 0x00007fff52237000 	C:\Windows\system32\wshunix.dll
0x00007fff51f60000 - 0x00007fff51f6a000 	C:\Windows\System32\rasadhlp.dll
0x00007fff51e80000 - 0x00007fff51f00000 	C:\Windows\System32\fwpuclnt.dll

dbghelp: loaded successfully - version: 4.0.5 - missing functions: none
symbol engine: initialized successfully - sym options: 0x614 - pdb path: .;C:\Program Files\Android\Android Studio\jbr\bin;C:\Windows\SYSTEM32;C:\Windows\WinSxS\amd64_microsoft.windows.common-controls_6595b64144ccf1df_6.0.19041.3636_none_60b6a03d71f818d5;C:\Program Files (x86)\360\Total Security\safemon;C:\Program Files\Android\Android Studio\jbr\bin\server;C:\Users\Hp\.gradle\native\68d5fa5c4cc2d200863cafc0d521ce42e7d3e7ee720ec0a83991735586a16f82\windows-amd64;C:\Users\Hp\.gradle\native\e376f236ea51e6404a007f0833ffe2c6e607c4080706a723a18a27aeea778392\windows-amd64

VM Arguments:
jvm_args: --add-opens=java.base/java.util=ALL-UNNAMED --add-opens=java.base/java.lang=ALL-UNNAMED --add-opens=java.base/java.lang.invoke=ALL-UNNAMED --add-opens=java.prefs/java.util.prefs=ALL-UNNAMED --add-opens=java.base/java.nio.charset=ALL-UNNAMED --add-opens=java.base/java.net=ALL-UNNAMED --add-opens=java.base/java.util.concurrent.atomic=ALL-UNNAMED -Xmx2048m -Dfile.encoding=UTF-8 -Duser.country=US -Duser.language=en -Duser.variant 
java_command: org.gradle.launcher.daemon.bootstrap.GradleDaemon 8.0
java_class_path (initial): C:\Users\Hp\.gradle\wrapper\dists\gradle-8.0-bin\ca5e32bp14vu59qr306oxotwh\gradle-8.0\lib\gradle-launcher-8.0.jar
Launcher Type: SUN_STANDARD

[Global flags]
     intx CICompilerCount                          = 3                                         {product} {ergonomic}
     uint ConcGCThreads                            = 1                                         {product} {ergonomic}
     uint G1ConcRefinementThreads                  = 4                                         {product} {ergonomic}
   size_t G1HeapRegionSize                         = 1048576                                   {product} {ergonomic}
    uintx GCDrainStackTargetSize                   = 64                                        {product} {ergonomic}
   size_t InitialHeapSize                          = 67108864                                  {product} {ergonomic}
   size_t MarkStackSize                            = 4194304                                   {product} {ergonomic}
   size_t MaxHeapSize                              = 2147483648                                {product} {command line}
   size_t MaxNewSize                               = 1287651328                                {product} {ergonomic}
   size_t MinHeapDeltaBytes                        = 1048576                                   {product} {ergonomic}
   size_t MinHeapSize                              = 8388608                                   {product} {ergonomic}
    uintx NonNMethodCodeHeapSize                   = 5832780                                {pd product} {ergonomic}
    uintx NonProfiledCodeHeapSize                  = 122912730                              {pd product} {ergonomic}
    uintx ProfiledCodeHeapSize                     = 122912730                              {pd product} {ergonomic}
    uintx ReservedCodeCacheSize                    = 251658240                              {pd product} {ergonomic}
     bool SegmentedCodeCache                       = true                                      {product} {ergonomic}
   size_t SoftMaxHeapSize                          = 2147483648                             {manageable} {ergonomic}
     bool UseCompressedClassPointers               = true                           {product lp64_product} {ergonomic}
     bool UseCompressedOops                        = true                           {product lp64_product} {ergonomic}
     bool UseG1GC                                  = true                                      {product} {ergonomic}
     bool UseLargePagesIndividualAllocation        = false                                  {pd product} {ergonomic}

Logging:
Log output configuration:
 #0: stdout all=warning uptime,level,tags
 #1: stderr all=off uptime,level,tags

Environment Variables:
JAVA_HOME=C:\Users\Hp\AppData\Local\Android\Sdk\platforms\android-34\android.jar
CLASSPATH=C:\Program Files\Apache Software Foundation\Tomcat 8.5
PATH=C:\Program Files\Common Files\Oracle\Java\javapath;C:\Windows\system32;C:\Windows;C:\Windows\System32\Wbem;C:\Windows\System32\WindowsPowerShell\v1.0\;C:\Windows\System32\OpenSSH\;C:\Program Files\Microsoft SQL Server\Client SDK\ODBC\170\Tools\Binn\;C:\Program Files\dotnet\;C:\Program Files\Microsoft SQL Server\150\Tools\Binn\;%MAVEN_HOME%\bin;E:\New folder (2)\bin;C:\Program Files\MySQL\MySQL Shell 8.0\bin\;C:\Users\Hp\AppData\Local\Programs\Eclipse Adoptium\jdk-17.0.4.101-hotspot\bin;C:\Users\Hp\AppData\Local\Microsoft\WindowsApps;C:\Program Files\IntelliJ IDEA Community Edition 2022.2.3\bin;;C:\Users\Hp\AppData\Local\Programs\Microsoft VS Code\bin;C:\Users\Hp\.dotnet\tools;C:\Program Files\Apache Software Foundation\Tomcat 8.5\servlet-api.jar;C:\Program Files\Apache Software Foundation\Tomcat 10.1_Tomcat100\bin;C:\Program Files\Apache Software Foundation\Tomcat 8.5\servlet-api.jar;C:\Program Files\Java\jdk-20\bin;C:\Users\Hp\AppData\Local\GitHubDesktop\bin
USERNAME=Hp
OS=Windows_NT
PROCESSOR_IDENTIFIER=Intel64 Family 6 Model 69 Stepping 1, GenuineIntel
TMP=C:\Users\Hp\AppData\Local\Temp
TEMP=C:\Users\Hp\AppData\Local\Temp


JNI global refs:
JNI global refs: 24, weak refs: 2

JNI global refs memory usage: 843, weak refs: 841


---------------  S Y S T E M  ---------------

OS:
 Windows 10 , 64 bit Build 19041 (10.0.19041.3636)
OS uptime: 25 days 18:52 hours

CPU: total 4 (initial active 4) (2 cores per cpu, 2 threads per core) family 6 model 69 stepping 1 microcode 0x25, cx8, cmov, fxsr, ht, mmx, sse, sse2, sse3, ssse3, sse4.1, sse4.2, popcnt, lzcnt, tsc, tscinvbit, avx, avx2, aes, erms, clmul, bmi1, bmi2, fma, vzeroupper, clflush

Memory: 4k page, system-wide physical 3993M (151M free)
TotalPageFile size 16281M (AvailPageFile size 5M)
current process WorkingSet (physical memory assigned to process): 378M, peak: 378M
current process commit charge ("private bytes"): 582M, peak: 582M

vm_info: OpenJDK 64-Bit Server VM (17.0.6+0-b2043.56-10027231) for windows-amd64 JRE (17.0.6+0-b2043.56-10027231), built on Apr 28 2023 00:43:19 by "androidbuild" with MS VC++ 16.10 / 16.11 (VS2019)

END.
